mode: atomic
oficina-tech/internal/modules/access_control/infra/auth/jwt_service.go:24.34,26.18 2 0
oficina-tech/internal/modules/access_control/infra/auth/jwt_service.go:26.18,28.3 1 0
oficina-tech/internal/modules/access_control/infra/auth/jwt_service.go:29.2,29.44 1 0
oficina-tech/internal/modules/access_control/infra/auth/jwt_service.go:32.83,44.2 2 0
oficina-tech/internal/modules/access_control/infra/auth/jwt_service.go:46.88,48.100 2 0
oficina-tech/internal/modules/access_control/infra/auth/jwt_service.go:48.100,49.58 1 0
oficina-tech/internal/modules/access_control/infra/auth/jwt_service.go:49.58,51.4 1 0
oficina-tech/internal/modules/access_control/infra/auth/jwt_service.go:52.3,52.23 1 0
oficina-tech/internal/modules/access_control/infra/auth/jwt_service.go:54.2,54.32 1 0
oficina-tech/internal/modules/access_control/infra/auth/jwt_service.go:54.32,56.3 1 0
oficina-tech/internal/modules/access_control/infra/auth/jwt_service.go:57.2,58.18 2 0
oficina-tech/internal/modules/access_control/infra/auth/jwt_service.go:58.18,60.3 1 0
oficina-tech/internal/modules/access_control/infra/auth/jwt_service.go:61.2,61.39 1 0
oficina-tech/internal/modules/access_control/infra/auth/jwt_service.go:61.39,63.3 1 0
oficina-tech/internal/modules/access_control/infra/auth/jwt_service.go:64.2,68.8 1 0
oficina-tech/internal/messaging/consumers/customer_deleted.go:25.176,27.2 1 0
oficina-tech/internal/messaging/consumers/customer_deleted.go:29.68,30.6 1 0
oficina-tech/internal/messaging/consumers/customer_deleted.go:30.6,31.35 1 0
oficina-tech/internal/messaging/consumers/customer_deleted.go:31.35,33.4 1 0
oficina-tech/internal/messaging/consumers/customer_deleted.go:34.3,39.17 2 0
oficina-tech/internal/messaging/consumers/customer_deleted.go:39.17,41.4 1 0
oficina-tech/internal/messaging/consumers/customer_deleted.go:42.3,42.43 1 0
oficina-tech/internal/messaging/consumers/customer_deleted.go:42.43,43.56 1 0
oficina-tech/internal/messaging/consumers/customer_deleted.go:43.56,45.5 1 0
oficina-tech/internal/messaging/consumers/customer_deleted.go:50.99,52.16 2 0
oficina-tech/internal/messaging/consumers/customer_deleted.go:52.16,54.3 1 0
oficina-tech/internal/messaging/consumers/customer_deleted.go:56.2,57.16 2 0
oficina-tech/internal/messaging/consumers/customer_deleted.go:57.16,59.3 1 0
oficina-tech/internal/messaging/consumers/customer_deleted.go:60.2,61.31 2 0
oficina-tech/internal/messaging/consumers/customer_deleted.go:61.31,62.70 1 0
oficina-tech/internal/messaging/consumers/customer_deleted.go:62.70,63.12 1 0
oficina-tech/internal/messaging/consumers/customer_deleted.go:65.3,65.48 1 0
oficina-tech/internal/messaging/consumers/customer_deleted.go:65.48,66.117 1 0
oficina-tech/internal/messaging/consumers/customer_deleted.go:66.117,68.5 1 0
oficina-tech/internal/messaging/consumers/customer_deleted.go:72.2,72.34 1 0
oficina-tech/internal/messaging/consumers/customer_deleted.go:72.34,74.3 1 0
oficina-tech/internal/messaging/consumers/customer_deleted.go:75.2,79.12 2 0
oficina-tech/internal/messaging/consumers/customer_deleted.go:82.83,83.25 1 0
oficina-tech/internal/messaging/consumers/customer_deleted.go:83.25,85.3 1 0
oficina-tech/internal/messaging/consumers/customer_deleted.go:86.2,87.70 2 0
oficina-tech/internal/messaging/consumers/customer_deleted.go:87.70,89.3 1 0
oficina-tech/internal/messaging/consumers/customer_deleted.go:90.2,90.48 1 0
oficina-tech/internal/messaging/consumers/customer_deleted.go:90.48,92.3 1 0
oficina-tech/internal/messaging/consumers/customer_deleted.go:93.2,93.28 1 0
oficina-tech/internal/messaging/consumers/customer_deleted.go:93.28,95.3 1 0
oficina-tech/internal/messaging/consumers/customer_deleted.go:96.2,96.70 1 0
oficina-tech/internal/messaging/consumers/customer_deleted.go:96.70,98.3 1 0
oficina-tech/internal/messaging/consumers/customer_deleted.go:99.2,99.19 1 0
oficina-tech/internal/messaging/consumers/customer_deleted.go:102.71,103.16 1 4
oficina-tech/internal/messaging/consumers/customer_deleted.go:108.34,109.14 1 2
oficina-tech/internal/messaging/consumers/customer_deleted.go:110.10,111.15 1 2
oficina-tech/internal/messaging/consumers/order_inventory_op_failed.go:27.170,29.2 1 3
oficina-tech/internal/messaging/consumers/order_inventory_op_failed.go:31.82,32.6 1 0
oficina-tech/internal/messaging/consumers/order_inventory_op_failed.go:32.6,33.35 1 0
oficina-tech/internal/messaging/consumers/order_inventory_op_failed.go:33.35,35.4 1 0
oficina-tech/internal/messaging/consumers/order_inventory_op_failed.go:36.3,41.17 2 0
oficina-tech/internal/messaging/consumers/order_inventory_op_failed.go:41.17,43.4 1 0
oficina-tech/internal/messaging/consumers/order_inventory_op_failed.go:44.3,44.43 1 0
oficina-tech/internal/messaging/consumers/order_inventory_op_failed.go:44.43,45.56 1 0
oficina-tech/internal/messaging/consumers/order_inventory_op_failed.go:45.56,47.5 1 0
oficina-tech/internal/messaging/consumers/order_inventory_op_failed.go:52.113,54.16 2 3
oficina-tech/internal/messaging/consumers/order_inventory_op_failed.go:54.16,56.3 1 1
oficina-tech/internal/messaging/consumers/order_inventory_op_failed.go:58.2,59.16 2 2
oficina-tech/internal/messaging/consumers/order_inventory_op_failed.go:59.16,61.3 1 0
oficina-tech/internal/messaging/consumers/order_inventory_op_failed.go:62.2,62.13 1 2
oficina-tech/internal/messaging/consumers/order_inventory_op_failed.go:62.13,63.60 1 2
oficina-tech/internal/messaging/consumers/order_inventory_op_failed.go:63.60,65.4 1 1
oficina-tech/internal/messaging/consumers/order_inventory_op_failed.go:67.2,67.38 1 1
oficina-tech/internal/messaging/consumers/order_inventory_op_failed.go:70.113,71.34 1 1
oficina-tech/internal/messaging/consumers/order_inventory_op_failed.go:71.34,73.3 1 0
oficina-tech/internal/messaging/consumers/order_inventory_op_failed.go:74.2,78.12 2 1
oficina-tech/internal/messaging/consumers/order_inventory_op_failed.go:81.88,82.25 1 3
oficina-tech/internal/messaging/consumers/order_inventory_op_failed.go:82.25,84.3 1 0
oficina-tech/internal/messaging/consumers/order_inventory_op_failed.go:85.2,86.70 2 3
oficina-tech/internal/messaging/consumers/order_inventory_op_failed.go:86.70,88.3 1 0
oficina-tech/internal/messaging/consumers/order_inventory_op_failed.go:89.2,89.62 1 3
oficina-tech/internal/messaging/consumers/order_inventory_op_failed.go:89.62,91.3 1 1
oficina-tech/internal/messaging/consumers/order_inventory_op_failed.go:92.2,92.24 1 2
oficina-tech/internal/messaging/consumers/order_inventory_op_failed.go:92.24,94.3 1 0
oficina-tech/internal/messaging/consumers/order_inventory_op_failed.go:95.2,95.70 1 2
oficina-tech/internal/messaging/consumers/order_inventory_op_failed.go:95.70,97.3 1 0
oficina-tech/internal/messaging/consumers/order_inventory_op_failed.go:98.2,98.19 1 2
oficina-tech/internal/messaging/consumers/order_inventory_op_succeeded.go:32.179,34.2 1 3
oficina-tech/internal/messaging/consumers/order_inventory_op_succeeded.go:36.85,37.6 1 0
oficina-tech/internal/messaging/consumers/order_inventory_op_succeeded.go:37.6,38.35 1 0
oficina-tech/internal/messaging/consumers/order_inventory_op_succeeded.go:38.35,40.4 1 0
oficina-tech/internal/messaging/consumers/order_inventory_op_succeeded.go:41.3,46.17 2 0
oficina-tech/internal/messaging/consumers/order_inventory_op_succeeded.go:46.17,48.4 1 0
oficina-tech/internal/messaging/consumers/order_inventory_op_succeeded.go:49.3,49.43 1 0
oficina-tech/internal/messaging/consumers/order_inventory_op_succeeded.go:49.43,50.56 1 0
oficina-tech/internal/messaging/consumers/order_inventory_op_succeeded.go:50.56,52.5 1 0
oficina-tech/internal/messaging/consumers/order_inventory_op_succeeded.go:57.116,59.16 2 3
oficina-tech/internal/messaging/consumers/order_inventory_op_succeeded.go:59.16,61.3 1 0
oficina-tech/internal/messaging/consumers/order_inventory_op_succeeded.go:63.2,64.16 2 3
oficina-tech/internal/messaging/consumers/order_inventory_op_succeeded.go:64.16,66.3 1 0
oficina-tech/internal/messaging/consumers/order_inventory_op_succeeded.go:67.2,67.13 1 3
oficina-tech/internal/messaging/consumers/order_inventory_op_succeeded.go:67.13,68.63 1 2
oficina-tech/internal/messaging/consumers/order_inventory_op_succeeded.go:68.63,70.4 1 1
oficina-tech/internal/messaging/consumers/order_inventory_op_succeeded.go:72.2,72.38 1 2
oficina-tech/internal/messaging/consumers/order_inventory_op_succeeded.go:75.116,76.34 1 2
oficina-tech/internal/messaging/consumers/order_inventory_op_succeeded.go:76.34,78.3 1 0
oficina-tech/internal/messaging/consumers/order_inventory_op_succeeded.go:79.2,83.12 2 2
oficina-tech/internal/messaging/consumers/order_inventory_op_succeeded.go:86.94,87.25 1 3
oficina-tech/internal/messaging/consumers/order_inventory_op_succeeded.go:87.25,89.3 1 0
oficina-tech/internal/messaging/consumers/order_inventory_op_succeeded.go:90.2,91.70 2 3
oficina-tech/internal/messaging/consumers/order_inventory_op_succeeded.go:91.70,93.3 1 0
oficina-tech/internal/messaging/consumers/order_inventory_op_succeeded.go:94.2,94.65 1 3
oficina-tech/internal/messaging/consumers/order_inventory_op_succeeded.go:94.65,96.3 1 0
oficina-tech/internal/messaging/consumers/order_inventory_op_succeeded.go:97.2,97.70 1 3
oficina-tech/internal/messaging/consumers/order_inventory_op_succeeded.go:97.70,99.3 1 0
oficina-tech/internal/messaging/consumers/order_inventory_op_succeeded.go:100.2,100.19 1 3
oficina-tech/internal/modules/service_order/module.go:61.22,69.2 1 0
oficina-tech/internal/modules/service_order/module.go:72.116,74.16 2 0
oficina-tech/internal/modules/service_order/module.go:74.16,76.60 1 0
oficina-tech/internal/modules/service_order/module.go:76.60,78.4 1 0
oficina-tech/internal/modules/service_order/module.go:79.3,79.61 1 0
oficina-tech/internal/modules/service_order/module.go:79.61,81.4 1 0
oficina-tech/internal/modules/service_order/module.go:82.3,82.18 1 0
oficina-tech/internal/modules/service_order/module.go:85.2,93.8 1 0
oficina-tech/internal/modules/service_order/module.go:97.134,102.16 2 0
oficina-tech/internal/modules/service_order/module.go:102.16,104.3 1 0
oficina-tech/internal/modules/service_order/module.go:106.2,114.8 1 0
oficina-tech/internal/modules/service_order/module.go:118.134,122.16 2 0
oficina-tech/internal/modules/service_order/module.go:122.16,124.57 1 0
oficina-tech/internal/modules/service_order/module.go:124.57,126.4 1 0
oficina-tech/internal/modules/service_order/module.go:127.3,127.18 1 0
oficina-tech/internal/modules/service_order/module.go:131.2,132.38 2 0
oficina-tech/internal/modules/service_order/module.go:132.38,143.3 1 0
oficina-tech/internal/modules/service_order/module.go:145.2,145.18 1 0
oficina-tech/internal/modules/service_order/module.go:149.127,153.16 2 0
oficina-tech/internal/modules/service_order/module.go:153.16,155.55 1 0
oficina-tech/internal/modules/service_order/module.go:155.55,157.4 1 0
oficina-tech/internal/modules/service_order/module.go:158.3,158.60 1 0
oficina-tech/internal/modules/service_order/module.go:158.60,160.4 1 0
oficina-tech/internal/modules/service_order/module.go:161.3,161.61 1 0
oficina-tech/internal/modules/service_order/module.go:161.61,163.4 1 0
oficina-tech/internal/modules/service_order/module.go:164.3,164.18 1 0
oficina-tech/internal/modules/service_order/module.go:168.2,169.41 2 0
oficina-tech/internal/modules/service_order/module.go:169.41,177.3 1 0
oficina-tech/internal/modules/service_order/module.go:179.2,179.18 1 0
oficina-tech/internal/modules/service_order/module.go:183.134,186.16 2 0
oficina-tech/internal/modules/service_order/module.go:186.16,188.60 1 0
oficina-tech/internal/modules/service_order/module.go:188.60,190.4 1 0
oficina-tech/internal/modules/service_order/module.go:191.3,191.61 1 0
oficina-tech/internal/modules/service_order/module.go:191.61,193.4 1 0
oficina-tech/internal/modules/service_order/module.go:194.3,194.18 1 0
oficina-tech/internal/modules/service_order/module.go:198.2,199.36 2 0
oficina-tech/internal/modules/service_order/module.go:199.36,211.3 1 0
oficina-tech/internal/modules/service_order/module.go:213.2,213.18 1 0
oficina-tech/internal/modules/service_order/module.go:217.153,223.16 2 0
oficina-tech/internal/modules/service_order/module.go:223.16,225.60 1 0
oficina-tech/internal/modules/service_order/module.go:225.60,227.4 1 0
oficina-tech/internal/modules/service_order/module.go:228.3,228.61 1 0
oficina-tech/internal/modules/service_order/module.go:228.61,230.4 1 0
oficina-tech/internal/modules/service_order/module.go:231.3,231.63 1 0
oficina-tech/internal/modules/service_order/module.go:231.63,233.4 1 0
oficina-tech/internal/modules/service_order/module.go:234.3,234.17 1 0
oficina-tech/internal/modules/service_order/module.go:237.2,237.27 1 0
oficina-tech/internal/modules/service_order/application/usecases/advance_service_order_status.go:52.30,61.2 1 0
oficina-tech/internal/modules/service_order/application/usecases/advance_service_order_status.go:63.147,69.16 4 0
oficina-tech/internal/modules/service_order/application/usecases/advance_service_order_status.go:69.16,72.3 2 0
oficina-tech/internal/modules/service_order/application/usecases/advance_service_order_status.go:75.2,75.23 1 0
oficina-tech/internal/modules/service_order/application/usecases/advance_service_order_status.go:75.23,78.3 2 0
oficina-tech/internal/modules/service_order/application/usecases/advance_service_order_status.go:81.2,86.16 4 0
oficina-tech/internal/modules/service_order/application/usecases/advance_service_order_status.go:86.16,89.3 2 0
oficina-tech/internal/modules/service_order/application/usecases/advance_service_order_status.go:92.2,94.55 2 0
oficina-tech/internal/modules/service_order/application/usecases/advance_service_order_status.go:94.55,96.17 2 0
oficina-tech/internal/modules/service_order/application/usecases/advance_service_order_status.go:96.17,99.4 2 0
oficina-tech/internal/modules/service_order/application/usecases/advance_service_order_status.go:100.3,113.19 3 0
oficina-tech/internal/modules/service_order/application/usecases/advance_service_order_status.go:113.19,115.4 1 0
oficina-tech/internal/modules/service_order/application/usecases/advance_service_order_status.go:116.3,116.21 1 0
oficina-tech/internal/modules/service_order/application/usecases/advance_service_order_status.go:119.2,119.101 1 0
oficina-tech/internal/modules/service_order/application/usecases/advance_service_order_status.go:119.101,121.17 2 0
oficina-tech/internal/modules/service_order/application/usecases/advance_service_order_status.go:121.17,123.4 1 0
oficina-tech/internal/modules/service_order/application/usecases/advance_service_order_status.go:124.3,124.21 1 0
oficina-tech/internal/modules/service_order/application/usecases/advance_service_order_status.go:128.2,128.55 1 0
oficina-tech/internal/modules/service_order/application/usecases/advance_service_order_status.go:128.55,131.3 2 0
oficina-tech/internal/modules/service_order/application/usecases/advance_service_order_status.go:134.2,140.16 3 0
oficina-tech/internal/modules/service_order/application/usecases/advance_service_order_status.go:140.16,143.3 2 0
oficina-tech/internal/modules/service_order/application/usecases/advance_service_order_status.go:146.2,146.58 1 0
oficina-tech/internal/modules/service_order/application/usecases/advance_service_order_status.go:146.58,149.3 2 0
oficina-tech/internal/modules/service_order/application/usecases/advance_service_order_status.go:152.2,152.61 1 0
oficina-tech/internal/modules/service_order/application/usecases/advance_service_order_status.go:152.61,155.3 2 0
oficina-tech/internal/modules/service_order/application/usecases/advance_service_order_status.go:158.2,158.53 1 0
oficina-tech/internal/modules/service_order/application/usecases/advance_service_order_status.go:158.53,164.3 1 0
oficina-tech/internal/modules/service_order/application/usecases/advance_service_order_status.go:166.2,166.55 1 0
oficina-tech/internal/modules/service_order/application/usecases/advance_service_order_status.go:166.55,174.3 1 0
oficina-tech/internal/modules/service_order/application/usecases/advance_service_order_status.go:177.2,190.8 2 0
oficina-tech/internal/modules/service_order/application/usecases/advance_service_order_status.go:193.213,195.16 2 0
oficina-tech/internal/modules/service_order/application/usecases/advance_service_order_status.go:195.16,197.3 1 0
oficina-tech/internal/modules/service_order/application/usecases/advance_service_order_status.go:198.2,198.78 1 0
oficina-tech/internal/modules/service_order/application/usecases/advance_service_order_status.go:198.78,200.3 1 0
oficina-tech/internal/modules/service_order/application/usecases/advance_service_order_status.go:202.2,206.16 5 0
oficina-tech/internal/modules/service_order/application/usecases/advance_service_order_status.go:206.16,208.3 1 0
oficina-tech/internal/modules/service_order/application/usecases/advance_service_order_status.go:209.2,209.58 1 0
oficina-tech/internal/modules/service_order/application/usecases/advance_service_order_status.go:209.58,211.3 1 0
oficina-tech/internal/modules/service_order/application/usecases/advance_service_order_status.go:212.2,212.61 1 0
oficina-tech/internal/modules/service_order/application/usecases/advance_service_order_status.go:212.61,214.3 1 0
oficina-tech/internal/modules/service_order/application/usecases/advance_service_order_status.go:216.2,216.53 1 0
oficina-tech/internal/modules/service_order/application/usecases/advance_service_order_status.go:216.53,220.3 1 0
oficina-tech/internal/modules/service_order/application/usecases/advance_service_order_status.go:221.2,221.55 1 0
oficina-tech/internal/modules/service_order/application/usecases/advance_service_order_status.go:221.55,229.3 1 0
oficina-tech/internal/modules/service_order/application/usecases/advance_service_order_status.go:231.2,244.8 2 0
oficina-tech/internal/modules/service_order/application/usecases/advance_service_order_status.go:248.164,251.16 2 0
oficina-tech/internal/modules/service_order/application/usecases/advance_service_order_status.go:251.16,258.3 2 0
oficina-tech/internal/modules/service_order/application/usecases/advance_service_order_status.go:260.2,266.16 1 0
oficina-tech/internal/modules/service_order/application/usecases/advance_service_order_status.go:266.16,271.3 1 0
oficina-tech/internal/modules/service_order/application/usecases/create_service_order.go:62.23,70.2 1 0
oficina-tech/internal/modules/service_order/application/usecases/create_service_order.go:72.126,86.16 6 0
oficina-tech/internal/modules/service_order/application/usecases/create_service_order.go:86.16,93.3 3 0
oficina-tech/internal/modules/service_order/application/usecases/create_service_order.go:96.2,96.27 1 0
oficina-tech/internal/modules/service_order/application/usecases/create_service_order.go:96.27,98.17 2 0
oficina-tech/internal/modules/service_order/application/usecases/create_service_order.go:98.17,105.4 3 0
oficina-tech/internal/modules/service_order/application/usecases/create_service_order.go:108.3,108.48 1 0
oficina-tech/internal/modules/service_order/application/usecases/create_service_order.go:108.48,116.4 3 0
oficina-tech/internal/modules/service_order/application/usecases/create_service_order.go:120.2,121.40 2 0
oficina-tech/internal/modules/service_order/application/usecases/create_service_order.go:121.40,124.93 2 0
oficina-tech/internal/modules/service_order/application/usecases/create_service_order.go:124.93,131.4 3 0
oficina-tech/internal/modules/service_order/application/usecases/create_service_order.go:133.3,137.48 3 0
oficina-tech/internal/modules/service_order/application/usecases/create_service_order.go:137.48,139.18 2 0
oficina-tech/internal/modules/service_order/application/usecases/create_service_order.go:139.18,146.5 3 0
oficina-tech/internal/modules/service_order/application/usecases/create_service_order.go:147.4,148.25 2 0
oficina-tech/internal/modules/service_order/application/usecases/create_service_order.go:149.9,151.18 2 0
oficina-tech/internal/modules/service_order/application/usecases/create_service_order.go:151.18,158.5 3 0
oficina-tech/internal/modules/service_order/application/usecases/create_service_order.go:159.4,160.25 2 0
oficina-tech/internal/modules/service_order/application/usecases/create_service_order.go:164.3,172.17 2 0
oficina-tech/internal/modules/service_order/application/usecases/create_service_order.go:172.17,181.4 3 0
oficina-tech/internal/modules/service_order/application/usecases/create_service_order.go:183.3,183.40 1 0
oficina-tech/internal/modules/service_order/application/usecases/create_service_order.go:187.2,188.16 2 0
oficina-tech/internal/modules/service_order/application/usecases/create_service_order.go:188.16,196.3 3 0
oficina-tech/internal/modules/service_order/application/usecases/create_service_order.go:199.2,199.34 1 0
oficina-tech/internal/modules/service_order/application/usecases/create_service_order.go:199.34,200.45 1 0
oficina-tech/internal/modules/service_order/application/usecases/create_service_order.go:200.45,203.4 2 0
oficina-tech/internal/modules/service_order/application/usecases/create_service_order.go:208.2,208.70 1 0
oficina-tech/internal/modules/service_order/application/usecases/create_service_order.go:208.70,216.3 3 0
oficina-tech/internal/modules/service_order/application/usecases/create_service_order.go:218.2,228.37 3 0
oficina-tech/internal/modules/service_order/application/usecases/create_service_order.go:228.37,239.3 1 0
oficina-tech/internal/modules/service_order/application/usecases/create_service_order.go:242.2,242.46 1 0
oficina-tech/internal/modules/service_order/application/usecases/create_service_order.go:242.46,244.3 1 0
oficina-tech/internal/modules/service_order/application/usecases/create_service_order.go:247.2,257.8 1 0
oficina-tech/internal/modules/service_order/application/usecases/delete_service_order.go:19.131,24.2 1 0
oficina-tech/internal/modules/service_order/application/usecases/delete_service_order.go:40.126,46.16 4 0
oficina-tech/internal/modules/service_order/application/usecases/delete_service_order.go:46.16,47.60 1 0
oficina-tech/internal/modules/service_order/application/usecases/delete_service_order.go:47.60,50.4 2 0
oficina-tech/internal/modules/service_order/application/usecases/delete_service_order.go:51.3,52.18 2 0
oficina-tech/internal/modules/service_order/application/usecases/delete_service_order.go:56.2,56.31 1 0
oficina-tech/internal/modules/service_order/application/usecases/delete_service_order.go:56.31,59.3 2 0
oficina-tech/internal/modules/service_order/application/usecases/delete_service_order.go:61.2,62.16 2 0
oficina-tech/internal/modules/service_order/application/usecases/delete_service_order.go:62.16,65.3 2 0
oficina-tech/internal/modules/service_order/application/usecases/delete_service_order.go:67.2,71.25 2 0
oficina-tech/internal/modules/service_order/application/usecases/delete_service_order.go:71.25,73.3 1 0
oficina-tech/internal/modules/service_order/application/usecases/delete_service_order.go:75.2,75.20 1 0
oficina-tech/internal/modules/service_order/application/usecases/get_all_service_orders.go:49.24,55.2 1 0
oficina-tech/internal/modules/service_order/application/usecases/get_all_service_orders.go:57.129,69.48 4 0
oficina-tech/internal/modules/service_order/application/usecases/get_all_service_orders.go:69.48,71.17 2 0
oficina-tech/internal/modules/service_order/application/usecases/get_all_service_orders.go:71.17,74.4 2 0
oficina-tech/internal/modules/service_order/application/usecases/get_all_service_orders.go:75.3,75.27 1 0
oficina-tech/internal/modules/service_order/application/usecases/get_all_service_orders.go:79.2,80.16 2 0
oficina-tech/internal/modules/service_order/application/usecases/get_all_service_orders.go:80.16,83.3 2 0
oficina-tech/internal/modules/service_order/application/usecases/get_all_service_orders.go:86.2,87.31 2 0
oficina-tech/internal/modules/service_order/application/usecases/get_all_service_orders.go:87.31,89.25 1 0
oficina-tech/internal/modules/service_order/application/usecases/get_all_service_orders.go:89.25,92.39 2 0
oficina-tech/internal/modules/service_order/application/usecases/get_all_service_orders.go:92.39,94.26 1 0
oficina-tech/internal/modules/service_order/application/usecases/get_all_service_orders.go:94.26,105.6 1 0
oficina-tech/internal/modules/service_order/application/usecases/get_all_service_orders.go:109.4,111.37 3 0
oficina-tech/internal/modules/service_order/application/usecases/get_all_service_orders.go:111.37,118.5 1 0
oficina-tech/internal/modules/service_order/application/usecases/get_all_service_orders.go:121.4,123.36 3 0
oficina-tech/internal/modules/service_order/application/usecases/get_all_service_orders.go:123.36,133.5 1 0
oficina-tech/internal/modules/service_order/application/usecases/get_all_service_orders.go:135.4,149.6 1 0
oficina-tech/internal/modules/service_order/application/usecases/get_all_service_orders.go:153.2,155.8 1 0
oficina-tech/internal/modules/service_order/application/usecases/get_service_order.go:64.20,72.2 1 0
oficina-tech/internal/modules/service_order/application/usecases/get_service_order.go:74.117,80.16 4 0
oficina-tech/internal/modules/service_order/application/usecases/get_service_order.go:80.16,83.3 2 0
oficina-tech/internal/modules/service_order/application/usecases/get_service_order.go:86.2,86.23 1 0
oficina-tech/internal/modules/service_order/application/usecases/get_service_order.go:86.23,89.3 2 0
oficina-tech/internal/modules/service_order/application/usecases/get_service_order.go:92.2,98.46 5 0
oficina-tech/internal/modules/service_order/application/usecases/get_service_order.go:98.46,100.3 1 0
oficina-tech/internal/modules/service_order/application/usecases/get_service_order.go:102.2,102.35 1 0
oficina-tech/internal/modules/service_order/application/usecases/get_service_order.go:102.35,104.23 1 0
oficina-tech/internal/modules/service_order/application/usecases/get_service_order.go:104.23,105.12 1 0
oficina-tech/internal/modules/service_order/application/usecases/get_service_order.go:108.3,119.48 2 0
oficina-tech/internal/modules/service_order/application/usecases/get_service_order.go:123.2,128.35 4 0
oficina-tech/internal/modules/service_order/application/usecases/get_service_order.go:128.35,135.3 1 0
oficina-tech/internal/modules/service_order/application/usecases/get_service_order.go:138.2,140.34 3 0
oficina-tech/internal/modules/service_order/application/usecases/get_service_order.go:140.34,150.3 1 0
oficina-tech/internal/modules/service_order/application/usecases/get_service_order.go:153.2,167.8 1 0
oficina-tech/internal/modules/service_order/application/usecases/get_service_order_history.go:31.101,35.2 1 0
oficina-tech/internal/modules/service_order/application/usecases/get_service_order_history.go:37.138,42.32 3 0
oficina-tech/internal/modules/service_order/application/usecases/get_service_order_history.go:42.32,45.3 2 0
oficina-tech/internal/modules/service_order/application/usecases/get_service_order_history.go:48.2,49.16 2 0
oficina-tech/internal/modules/service_order/application/usecases/get_service_order_history.go:49.16,52.3 2 0
oficina-tech/internal/modules/service_order/application/usecases/get_service_order_history.go:55.2,56.36 2 0
oficina-tech/internal/modules/service_order/application/usecases/get_service_order_history.go:56.36,64.3 1 0
oficina-tech/internal/modules/service_order/application/usecases/get_service_order_history.go:66.2,68.8 1 0
oficina-tech/internal/modules/service_order/application/usecases/respond_to_authorization.go:50.27,58.2 1 0
oficina-tech/internal/modules/service_order/application/usecases/respond_to_authorization.go:60.138,66.16 4 0
oficina-tech/internal/modules/service_order/application/usecases/respond_to_authorization.go:66.16,69.3 2 0
oficina-tech/internal/modules/service_order/application/usecases/respond_to_authorization.go:72.2,72.23 1 0
oficina-tech/internal/modules/service_order/application/usecases/respond_to_authorization.go:72.23,75.3 2 0
oficina-tech/internal/modules/service_order/application/usecases/respond_to_authorization.go:78.2,78.64 1 0
oficina-tech/internal/modules/service_order/application/usecases/respond_to_authorization.go:78.64,81.3 2 0
oficina-tech/internal/modules/service_order/application/usecases/respond_to_authorization.go:84.2,88.20 3 0
oficina-tech/internal/modules/service_order/application/usecases/respond_to_authorization.go:88.20,90.3 1 0
oficina-tech/internal/modules/service_order/application/usecases/respond_to_authorization.go:90.8,92.3 1 0
oficina-tech/internal/modules/service_order/application/usecases/respond_to_authorization.go:95.2,97.55 2 0
oficina-tech/internal/modules/service_order/application/usecases/respond_to_authorization.go:97.55,99.17 2 0
oficina-tech/internal/modules/service_order/application/usecases/respond_to_authorization.go:99.17,102.4 2 0
oficina-tech/internal/modules/service_order/application/usecases/respond_to_authorization.go:103.3,116.19 3 0
oficina-tech/internal/modules/service_order/application/usecases/respond_to_authorization.go:116.19,118.4 1 0
oficina-tech/internal/modules/service_order/application/usecases/respond_to_authorization.go:119.3,119.21 1 0
oficina-tech/internal/modules/service_order/application/usecases/respond_to_authorization.go:123.2,126.54 2 0
oficina-tech/internal/modules/service_order/application/usecases/respond_to_authorization.go:126.54,129.3 2 0
oficina-tech/internal/modules/service_order/application/usecases/respond_to_authorization.go:132.2,133.58 2 0
oficina-tech/internal/modules/service_order/application/usecases/respond_to_authorization.go:133.58,135.3 1 0
oficina-tech/internal/modules/service_order/application/usecases/respond_to_authorization.go:137.2,142.16 2 0
oficina-tech/internal/modules/service_order/application/usecases/respond_to_authorization.go:142.16,145.3 2 0
oficina-tech/internal/modules/service_order/application/usecases/respond_to_authorization.go:148.2,148.58 1 0
oficina-tech/internal/modules/service_order/application/usecases/respond_to_authorization.go:148.58,151.3 2 0
oficina-tech/internal/modules/service_order/application/usecases/respond_to_authorization.go:154.2,154.61 1 0
oficina-tech/internal/modules/service_order/application/usecases/respond_to_authorization.go:154.61,157.3 2 0
oficina-tech/internal/modules/service_order/application/usecases/respond_to_authorization.go:160.2,160.53 1 0
oficina-tech/internal/modules/service_order/application/usecases/respond_to_authorization.go:160.53,166.3 1 0
oficina-tech/internal/modules/service_order/application/usecases/respond_to_authorization.go:168.2,168.55 1 0
oficina-tech/internal/modules/service_order/application/usecases/respond_to_authorization.go:168.55,176.3 1 0
oficina-tech/internal/modules/service_order/application/usecases/respond_to_authorization.go:179.2,192.8 2 0
oficina-tech/internal/modules/service_order/application/usecases/respond_to_authorization.go:196.161,199.16 2 0
oficina-tech/internal/modules/service_order/application/usecases/respond_to_authorization.go:199.16,206.3 2 0
oficina-tech/internal/modules/service_order/application/usecases/respond_to_authorization.go:208.2,214.16 1 0
oficina-tech/internal/modules/service_order/application/usecases/respond_to_authorization.go:214.16,219.3 1 0
oficina-tech/internal/modules/service_order/application/usecases/update_service_order.go:62.23,71.2 1 0
oficina-tech/internal/modules/service_order/application/usecases/update_service_order.go:73.126,78.16 4 0
oficina-tech/internal/modules/service_order/application/usecases/update_service_order.go:78.16,81.3 2 0
oficina-tech/internal/modules/service_order/application/usecases/update_service_order.go:83.2,83.23 1 0
oficina-tech/internal/modules/service_order/application/usecases/update_service_order.go:83.23,86.3 2 0
oficina-tech/internal/modules/service_order/application/usecases/update_service_order.go:88.2,90.79 2 0
oficina-tech/internal/modules/service_order/application/usecases/update_service_order.go:90.79,93.3 2 0
oficina-tech/internal/modules/service_order/application/usecases/update_service_order.go:95.2,96.16 2 0
oficina-tech/internal/modules/service_order/application/usecases/update_service_order.go:96.16,99.3 2 0
oficina-tech/internal/modules/service_order/application/usecases/update_service_order.go:101.2,101.76 1 0
oficina-tech/internal/modules/service_order/application/usecases/update_service_order.go:101.76,104.3 2 0
oficina-tech/internal/modules/service_order/application/usecases/update_service_order.go:106.2,106.64 1 0
oficina-tech/internal/modules/service_order/application/usecases/update_service_order.go:106.64,109.3 2 0
oficina-tech/internal/modules/service_order/application/usecases/update_service_order.go:111.2,111.35 1 0
oficina-tech/internal/modules/service_order/application/usecases/update_service_order.go:114.157,118.29 3 0
oficina-tech/internal/modules/service_order/application/usecases/update_service_order.go:118.29,120.87 2 0
oficina-tech/internal/modules/service_order/application/usecases/update_service_order.go:120.87,122.4 1 0
oficina-tech/internal/modules/service_order/application/usecases/update_service_order.go:125.2,125.28 1 0
oficina-tech/internal/modules/service_order/application/usecases/update_service_order.go:125.28,127.29 2 0
oficina-tech/internal/modules/service_order/application/usecases/update_service_order.go:127.29,128.85 1 0
oficina-tech/internal/modules/service_order/application/usecases/update_service_order.go:128.85,130.5 1 0
oficina-tech/internal/modules/service_order/application/usecases/update_service_order.go:134.2,134.26 1 0
oficina-tech/internal/modules/service_order/application/usecases/update_service_order.go:134.26,136.17 2 0
oficina-tech/internal/modules/service_order/application/usecases/update_service_order.go:136.17,138.4 1 0
oficina-tech/internal/modules/service_order/application/usecases/update_service_order.go:139.3,139.15 1 0
oficina-tech/internal/modules/service_order/application/usecases/update_service_order.go:139.15,141.4 1 0
oficina-tech/internal/modules/service_order/application/usecases/update_service_order.go:144.2,144.29 1 0
oficina-tech/internal/modules/service_order/application/usecases/update_service_order.go:144.29,145.65 1 0
oficina-tech/internal/modules/service_order/application/usecases/update_service_order.go:145.65,147.4 1 0
oficina-tech/internal/modules/service_order/application/usecases/update_service_order.go:150.2,150.28 1 0
oficina-tech/internal/modules/service_order/application/usecases/update_service_order.go:150.28,151.63 1 0
oficina-tech/internal/modules/service_order/application/usecases/update_service_order.go:151.63,153.4 1 0
oficina-tech/internal/modules/service_order/application/usecases/update_service_order.go:156.2,156.30 1 0
oficina-tech/internal/modules/service_order/application/usecases/update_service_order.go:156.30,158.3 1 0
oficina-tech/internal/modules/service_order/application/usecases/update_service_order.go:160.2,160.12 1 0
oficina-tech/internal/modules/service_order/application/usecases/update_service_order.go:163.132,164.18 1 0
oficina-tech/internal/modules/service_order/application/usecases/update_service_order.go:164.18,166.3 1 0
oficina-tech/internal/modules/service_order/application/usecases/update_service_order.go:169.2,169.29 1 0
oficina-tech/internal/modules/service_order/application/usecases/update_service_order.go:169.29,171.3 1 0
oficina-tech/internal/modules/service_order/application/usecases/update_service_order.go:173.2,174.16 2 0
oficina-tech/internal/modules/service_order/application/usecases/update_service_order.go:174.16,176.3 1 0
oficina-tech/internal/modules/service_order/application/usecases/update_service_order.go:178.2,178.45 1 0
oficina-tech/internal/modules/service_order/application/usecases/update_service_order.go:178.45,179.32 1 0
oficina-tech/internal/modules/service_order/application/usecases/update_service_order.go:179.32,180.62 1 0
oficina-tech/internal/modules/service_order/application/usecases/update_service_order.go:180.62,182.5 1 0
oficina-tech/internal/modules/service_order/application/usecases/update_service_order.go:186.2,186.34 1 0
oficina-tech/internal/modules/service_order/application/usecases/update_service_order.go:186.34,187.45 1 0
oficina-tech/internal/modules/service_order/application/usecases/update_service_order.go:187.45,189.4 1 0
oficina-tech/internal/modules/service_order/application/usecases/update_service_order.go:192.2,192.18 1 0
oficina-tech/internal/modules/service_order/application/usecases/update_service_order.go:195.152,198.34 2 0
oficina-tech/internal/modules/service_order/application/usecases/update_service_order.go:198.34,200.93 2 0
oficina-tech/internal/modules/service_order/application/usecases/update_service_order.go:200.93,202.4 1 0
oficina-tech/internal/modules/service_order/application/usecases/update_service_order.go:204.3,205.17 2 0
oficina-tech/internal/modules/service_order/application/usecases/update_service_order.go:205.17,207.4 1 0
oficina-tech/internal/modules/service_order/application/usecases/update_service_order.go:209.3,217.17 2 0
oficina-tech/internal/modules/service_order/application/usecases/update_service_order.go:217.17,219.4 1 0
oficina-tech/internal/modules/service_order/application/usecases/update_service_order.go:221.3,221.40 1 0
oficina-tech/internal/modules/service_order/application/usecases/update_service_order.go:224.2,224.24 1 0
oficina-tech/internal/modules/service_order/application/usecases/update_service_order.go:227.143,228.47 1 0
oficina-tech/internal/modules/service_order/application/usecases/update_service_order.go:228.47,230.17 2 0
oficina-tech/internal/modules/service_order/application/usecases/update_service_order.go:230.17,232.4 1 0
oficina-tech/internal/modules/service_order/application/usecases/update_service_order.go:233.3,233.42 1 0
oficina-tech/internal/modules/service_order/application/usecases/update_service_order.go:236.2,237.16 2 0
oficina-tech/internal/modules/service_order/application/usecases/update_service_order.go:237.16,239.3 1 0
oficina-tech/internal/modules/service_order/application/usecases/update_service_order.go:240.2,240.41 1 0
oficina-tech/internal/modules/service_order/application/usecases/update_service_order.go:243.163,245.19 2 0
oficina-tech/internal/modules/service_order/application/usecases/update_service_order.go:245.19,247.3 1 0
oficina-tech/internal/modules/service_order/application/usecases/update_service_order.go:247.8,249.3 1 0
oficina-tech/internal/modules/service_order/application/usecases/update_service_order.go:251.2,252.16 2 0
oficina-tech/internal/modules/service_order/application/usecases/update_service_order.go:252.16,254.3 1 0
oficina-tech/internal/modules/service_order/application/usecases/update_service_order.go:256.2,256.58 1 0
oficina-tech/internal/modules/service_order/application/usecases/update_service_order.go:256.58,258.3 1 0
oficina-tech/internal/modules/service_order/application/usecases/update_service_order.go:260.2,260.19 1 0
oficina-tech/internal/modules/service_order/application/usecases/update_service_order.go:260.19,261.38 1 0
oficina-tech/internal/modules/service_order/application/usecases/update_service_order.go:261.38,262.51 1 0
oficina-tech/internal/modules/service_order/application/usecases/update_service_order.go:262.51,263.59 1 0
oficina-tech/internal/modules/service_order/application/usecases/update_service_order.go:263.59,265.6 1 0
oficina-tech/internal/modules/service_order/application/usecases/update_service_order.go:270.2,270.12 1 0
oficina-tech/internal/modules/service_order/application/usecases/update_service_order.go:273.123,274.19 1 0
oficina-tech/internal/modules/service_order/application/usecases/update_service_order.go:274.19,276.3 1 0
oficina-tech/internal/modules/service_order/application/usecases/update_service_order.go:277.2,277.45 1 0
oficina-tech/internal/modules/service_order/application/usecases/update_service_order.go:280.104,282.37 2 0
oficina-tech/internal/modules/service_order/application/usecases/update_service_order.go:282.37,283.24 1 0
oficina-tech/internal/modules/service_order/application/usecases/update_service_order.go:283.24,294.4 1 0
oficina-tech/internal/modules/service_order/application/usecases/update_service_order.go:297.2,309.3 1 0
oficina-tech/internal/messaging/publishers/order_inventory_op_publisher.go:24.122,29.2 1 2
oficina-tech/internal/messaging/publishers/order_inventory_op_publisher.go:37.9,46.16 2 2
oficina-tech/internal/messaging/publishers/order_inventory_op_publisher.go:46.16,48.3 1 0
oficina-tech/internal/messaging/publishers/order_inventory_op_publisher.go:50.2,54.16 2 2
oficina-tech/internal/messaging/publishers/order_inventory_op_publisher.go:54.16,56.3 1 1
oficina-tech/internal/messaging/publishers/order_inventory_op_publisher.go:57.2,57.12 1 1
oficina-tech/internal/modules/service_order/infra/adapters/implementations/customer_adapter.go:15.82,17.2 1 0
oficina-tech/internal/modules/service_order/infra/adapters/implementations/customer_adapter.go:19.105,21.2 1 0
oficina-tech/internal/modules/service_order/infra/adapters/implementations/inventory_adapter.go:13.54,15.2 1 0
oficina-tech/internal/modules/service_order/infra/adapters/implementations/inventory_adapter.go:17.157,19.2 1 0
oficina-tech/internal/modules/service_order/infra/adapters/implementations/product_adapter.go:15.80,17.2 1 0
oficina-tech/internal/modules/service_order/infra/adapters/implementations/product_adapter.go:19.102,21.2 1 0
oficina-tech/internal/modules/service_order/infra/adapters/implementations/service_adapter.go:15.80,17.2 1 0
oficina-tech/internal/modules/service_order/infra/adapters/implementations/service_adapter.go:19.102,21.2 1 0
oficina-tech/internal/modules/service_order/infra/adapters/implementations/vehicle_adapter.go:15.80,17.2 1 0
oficina-tech/internal/modules/service_order/infra/adapters/implementations/vehicle_adapter.go:19.102,21.2 1 0
oficina-tech/internal/modules/service_order/infra/adapters/implementations/vehicle_adapter.go:23.120,25.16 2 0
oficina-tech/internal/modules/service_order/infra/adapters/implementations/vehicle_adapter.go:25.16,27.3 1 0
oficina-tech/internal/modules/service_order/infra/adapters/implementations/vehicle_adapter.go:28.2,28.46 1 0
oficina-tech/internal/modules/service_order/infra/http/dto/service_order_dto.go:133.85,136.37 2 0
oficina-tech/internal/modules/service_order/infra/http/dto/service_order_dto.go:136.37,138.24 1 0
oficina-tech/internal/modules/service_order/infra/http/dto/service_order_dto.go:138.24,149.4 1 0
oficina-tech/internal/modules/service_order/infra/http/dto/service_order_dto.go:152.2,166.29 2 0
oficina-tech/internal/modules/service_order/infra/http/dto/service_order_dto.go:166.29,169.3 2 0
oficina-tech/internal/modules/service_order/infra/http/dto/service_order_dto.go:171.2,171.17 1 0
oficina-tech/internal/modules/service_order/infra/http/dto/service_order_dto.go:175.94,177.31 2 0
oficina-tech/internal/modules/service_order/infra/http/dto/service_order_dto.go:177.31,179.3 1 0
oficina-tech/internal/modules/service_order/infra/http/dto/service_order_dto.go:180.2,180.18 1 0
oficina-tech/internal/modules/service_order/infra/http/dto/service_order_dto.go:198.72,206.2 1 0
oficina-tech/internal/modules/service_order/infra/http/dto/service_order_dto.go:209.82,211.36 2 0
oficina-tech/internal/modules/service_order/infra/http/dto/service_order_dto.go:211.36,213.3 1 0
oficina-tech/internal/modules/service_order/infra/http/dto/service_order_dto.go:214.2,214.18 1 0
oficina-tech/internal/modules/service_order/infra/http/routes.go:10.178,13.62 1 0
oficina-tech/internal/modules/service_order/infra/http/routes.go:13.62,16.3 1 0
oficina-tech/internal/modules/service_order/infra/http/routes.go:20.2,20.64 1 0
oficina-tech/internal/modules/service_order/infra/http/routes.go:20.64,23.3 1 0
oficina-tech/internal/modules/service_order/infra/http/routes.go:26.2,33.112 8 0
oficina-tech/internal/modules/service_order/infra/http/handlers/service_order_handler.go:36.24,47.2 1 0
oficina-tech/internal/modules/service_order/infra/http/handlers/service_order_handler.go:63.90,68.61 4 0
oficina-tech/internal/modules/service_order/infra/http/handlers/service_order_handler.go:68.61,71.3 2 0
oficina-tech/internal/modules/service_order/infra/http/handlers/service_order_handler.go:74.2,74.56 1 0
oficina-tech/internal/modules/service_order/infra/http/handlers/service_order_handler.go:74.56,77.3 2 0
oficina-tech/internal/modules/service_order/infra/http/handlers/service_order_handler.go:80.2,81.33 2 0
oficina-tech/internal/modules/service_order/infra/http/handlers/service_order_handler.go:81.33,87.3 1 0
oficina-tech/internal/modules/service_order/infra/http/handlers/service_order_handler.go:90.2,98.16 3 0
oficina-tech/internal/modules/service_order/infra/http/handlers/service_order_handler.go:98.16,104.3 4 0
oficina-tech/internal/modules/service_order/infra/http/handlers/service_order_handler.go:107.2,108.36 2 0
oficina-tech/internal/modules/service_order/infra/http/handlers/service_order_handler.go:108.36,119.3 1 0
oficina-tech/internal/modules/service_order/infra/http/handlers/service_order_handler.go:122.2,123.36 2 0
oficina-tech/internal/modules/service_order/infra/http/handlers/service_order_handler.go:123.36,125.3 1 0
oficina-tech/internal/modules/service_order/infra/http/handlers/service_order_handler.go:128.2,142.55 2 0
oficina-tech/internal/modules/service_order/infra/http/handlers/service_order_handler.go:159.87,166.47 4 0
oficina-tech/internal/modules/service_order/infra/http/handlers/service_order_handler.go:166.47,169.3 2 0
oficina-tech/internal/modules/service_order/infra/http/handlers/service_order_handler.go:172.2,177.16 3 0
oficina-tech/internal/modules/service_order/infra/http/handlers/service_order_handler.go:177.16,183.3 4 0
oficina-tech/internal/modules/service_order/infra/http/handlers/service_order_handler.go:186.2,187.36 2 0
oficina-tech/internal/modules/service_order/infra/http/handlers/service_order_handler.go:187.36,199.3 1 0
oficina-tech/internal/modules/service_order/infra/http/handlers/service_order_handler.go:202.2,216.28 2 0
oficina-tech/internal/modules/service_order/infra/http/handlers/service_order_handler.go:216.28,223.3 1 0
oficina-tech/internal/modules/service_order/infra/http/handlers/service_order_handler.go:226.2,226.27 1 0
oficina-tech/internal/modules/service_order/infra/http/handlers/service_order_handler.go:226.27,236.3 1 0
oficina-tech/internal/modules/service_order/infra/http/handlers/service_order_handler.go:239.2,239.28 1 0
oficina-tech/internal/modules/service_order/infra/http/handlers/service_order_handler.go:239.28,242.3 2 0
oficina-tech/internal/modules/service_order/infra/http/handlers/service_order_handler.go:244.2,244.50 1 0
oficina-tech/internal/modules/service_order/infra/http/handlers/service_order_handler.go:263.91,276.22 8 0
oficina-tech/internal/modules/service_order/infra/http/handlers/service_order_handler.go:276.22,278.56 1 0
oficina-tech/internal/modules/service_order/infra/http/handlers/service_order_handler.go:278.56,281.4 2 0
oficina-tech/internal/modules/service_order/infra/http/handlers/service_order_handler.go:282.3,282.33 1 0
oficina-tech/internal/modules/service_order/infra/http/handlers/service_order_handler.go:285.2,285.18 1 0
oficina-tech/internal/modules/service_order/infra/http/handlers/service_order_handler.go:285.18,287.3 1 0
oficina-tech/internal/modules/service_order/infra/http/handlers/service_order_handler.go:290.2,290.28 1 0
oficina-tech/internal/modules/service_order/infra/http/handlers/service_order_handler.go:290.28,292.3 1 0
oficina-tech/internal/modules/service_order/infra/http/handlers/service_order_handler.go:294.2,294.29 1 0
oficina-tech/internal/modules/service_order/infra/http/handlers/service_order_handler.go:294.29,296.3 1 0
oficina-tech/internal/modules/service_order/infra/http/handlers/service_order_handler.go:299.2,300.16 2 0
oficina-tech/internal/modules/service_order/infra/http/handlers/service_order_handler.go:300.16,306.3 4 0
oficina-tech/internal/modules/service_order/infra/http/handlers/service_order_handler.go:309.2,310.38 2 0
oficina-tech/internal/modules/service_order/infra/http/handlers/service_order_handler.go:310.38,313.36 2 0
oficina-tech/internal/modules/service_order/infra/http/handlers/service_order_handler.go:313.36,325.4 1 0
oficina-tech/internal/modules/service_order/infra/http/handlers/service_order_handler.go:327.3,341.28 2 0
oficina-tech/internal/modules/service_order/infra/http/handlers/service_order_handler.go:341.28,348.4 1 0
oficina-tech/internal/modules/service_order/infra/http/handlers/service_order_handler.go:351.3,351.27 1 0
oficina-tech/internal/modules/service_order/infra/http/handlers/service_order_handler.go:351.27,361.4 1 0
oficina-tech/internal/modules/service_order/infra/http/handlers/service_order_handler.go:364.3,364.28 1 0
oficina-tech/internal/modules/service_order/infra/http/handlers/service_order_handler.go:364.28,367.4 2 0
oficina-tech/internal/modules/service_order/infra/http/handlers/service_order_handler.go:370.2,370.51 1 0
oficina-tech/internal/modules/service_order/infra/http/handlers/service_order_handler.go:389.90,396.47 4 0
oficina-tech/internal/modules/service_order/infra/http/handlers/service_order_handler.go:396.47,399.3 2 0
oficina-tech/internal/modules/service_order/infra/http/handlers/service_order_handler.go:401.2,402.61 2 0
oficina-tech/internal/modules/service_order/infra/http/handlers/service_order_handler.go:402.61,405.3 2 0
oficina-tech/internal/modules/service_order/infra/http/handlers/service_order_handler.go:408.2,408.56 1 0
oficina-tech/internal/modules/service_order/infra/http/handlers/service_order_handler.go:408.56,411.3 2 0
oficina-tech/internal/modules/service_order/infra/http/handlers/service_order_handler.go:414.2,423.22 2 0
oficina-tech/internal/modules/service_order/infra/http/handlers/service_order_handler.go:423.22,425.34 2 0
oficina-tech/internal/modules/service_order/infra/http/handlers/service_order_handler.go:425.34,431.4 1 0
oficina-tech/internal/modules/service_order/infra/http/handlers/service_order_handler.go:432.3,432.22 1 0
oficina-tech/internal/modules/service_order/infra/http/handlers/service_order_handler.go:435.2,436.16 2 0
oficina-tech/internal/modules/service_order/infra/http/handlers/service_order_handler.go:436.16,442.3 4 0
oficina-tech/internal/modules/service_order/infra/http/handlers/service_order_handler.go:445.2,446.36 2 0
oficina-tech/internal/modules/service_order/infra/http/handlers/service_order_handler.go:446.36,457.3 1 0
oficina-tech/internal/modules/service_order/infra/http/handlers/service_order_handler.go:460.2,461.36 2 0
oficina-tech/internal/modules/service_order/infra/http/handlers/service_order_handler.go:461.36,463.3 1 0
oficina-tech/internal/modules/service_order/infra/http/handlers/service_order_handler.go:466.2,480.28 2 0
oficina-tech/internal/modules/service_order/infra/http/handlers/service_order_handler.go:480.28,483.3 2 0
oficina-tech/internal/modules/service_order/infra/http/handlers/service_order_handler.go:485.2,485.50 1 0
oficina-tech/internal/modules/service_order/infra/http/handlers/service_order_handler.go:502.90,509.47 4 0
oficina-tech/internal/modules/service_order/infra/http/handlers/service_order_handler.go:509.47,512.3 2 0
oficina-tech/internal/modules/service_order/infra/http/handlers/service_order_handler.go:515.2,520.16 3 0
oficina-tech/internal/modules/service_order/infra/http/handlers/service_order_handler.go:520.16,526.3 4 0
oficina-tech/internal/modules/service_order/infra/http/handlers/service_order_handler.go:528.2,528.18 1 0
oficina-tech/internal/modules/service_order/infra/http/handlers/service_order_handler.go:528.18,532.27 2 0
oficina-tech/internal/modules/service_order/infra/http/handlers/service_order_handler.go:532.27,534.4 1 0
oficina-tech/internal/modules/service_order/infra/http/handlers/service_order_handler.go:535.3,536.9 2 0
oficina-tech/internal/modules/service_order/infra/http/handlers/service_order_handler.go:539.2,539.109 1 0
oficina-tech/internal/modules/service_order/infra/http/handlers/service_order_handler.go:557.97,564.47 4 0
oficina-tech/internal/modules/service_order/infra/http/handlers/service_order_handler.go:564.47,567.3 2 0
oficina-tech/internal/modules/service_order/infra/http/handlers/service_order_handler.go:570.2,575.16 3 0
oficina-tech/internal/modules/service_order/infra/http/handlers/service_order_handler.go:575.16,581.3 4 0
oficina-tech/internal/modules/service_order/infra/http/handlers/service_order_handler.go:583.2,583.18 1 0
oficina-tech/internal/modules/service_order/infra/http/handlers/service_order_handler.go:583.18,589.27 2 0
oficina-tech/internal/modules/service_order/infra/http/handlers/service_order_handler.go:589.27,591.4 1 0
oficina-tech/internal/modules/service_order/infra/http/handlers/service_order_handler.go:592.3,593.9 2 0
oficina-tech/internal/modules/service_order/infra/http/handlers/service_order_handler.go:596.2,596.30 1 0
oficina-tech/internal/modules/service_order/infra/http/handlers/service_order_handler.go:596.30,604.3 2 0
oficina-tech/internal/modules/service_order/infra/http/handlers/service_order_handler.go:607.2,619.28 2 0
oficina-tech/internal/modules/service_order/infra/http/handlers/service_order_handler.go:619.28,622.3 2 0
oficina-tech/internal/modules/service_order/infra/http/handlers/service_order_handler.go:624.2,624.50 1 0
oficina-tech/internal/modules/service_order/infra/http/handlers/service_order_handler.go:627.93,632.47 4 0
oficina-tech/internal/modules/service_order/infra/http/handlers/service_order_handler.go:632.47,635.3 2 0
oficina-tech/internal/modules/service_order/infra/http/handlers/service_order_handler.go:637.2,638.61 2 0
oficina-tech/internal/modules/service_order/infra/http/handlers/service_order_handler.go:638.61,641.3 2 0
oficina-tech/internal/modules/service_order/infra/http/handlers/service_order_handler.go:643.2,648.16 2 0
oficina-tech/internal/modules/service_order/infra/http/handlers/service_order_handler.go:648.16,653.3 4 0
oficina-tech/internal/modules/service_order/infra/http/handlers/service_order_handler.go:655.2,655.18 1 0
oficina-tech/internal/modules/service_order/infra/http/handlers/service_order_handler.go:655.18,661.27 2 0
oficina-tech/internal/modules/service_order/infra/http/handlers/service_order_handler.go:661.27,663.4 1 0
oficina-tech/internal/modules/service_order/infra/http/handlers/service_order_handler.go:664.3,665.9 2 0
oficina-tech/internal/modules/service_order/infra/http/handlers/service_order_handler.go:668.2,678.28 2 0
oficina-tech/internal/modules/service_order/infra/http/handlers/service_order_handler.go:678.28,681.3 2 0
oficina-tech/internal/modules/service_order/infra/http/handlers/service_order_handler.go:682.2,682.50 1 0
oficina-tech/internal/modules/service_order/infra/http/handlers/service_order_handler.go:699.94,706.47 4 0
oficina-tech/internal/modules/service_order/infra/http/handlers/service_order_handler.go:706.47,709.3 2 0
oficina-tech/internal/modules/service_order/infra/http/handlers/service_order_handler.go:712.2,717.16 3 0
oficina-tech/internal/modules/service_order/infra/http/handlers/service_order_handler.go:717.16,723.3 4 0
oficina-tech/internal/modules/service_order/infra/http/handlers/service_order_handler.go:726.2,727.41 2 0
oficina-tech/internal/modules/service_order/infra/http/handlers/service_order_handler.go:727.41,735.3 1 0
oficina-tech/internal/modules/service_order/infra/http/handlers/service_order_handler.go:737.2,737.51 1 0
oficina-tech/internal/modules/billing/module.go:28.11,29.19 1 2
oficina-tech/internal/modules/billing/module.go:29.19,31.3 1 1
oficina-tech/internal/modules/billing/module.go:32.2,38.3 1 2
oficina-tech/internal/modules/service_order/infra/persistence/history_dynamo_repository.go:31.95,36.2 1 0
oficina-tech/internal/modules/service_order/infra/persistence/history_dynamo_repository.go:38.99,39.24 1 0
oficina-tech/internal/modules/service_order/infra/persistence/history_dynamo_repository.go:39.24,40.73 1 0
oficina-tech/internal/modules/service_order/infra/persistence/history_dynamo_repository.go:40.73,42.4 1 0
oficina-tech/internal/modules/service_order/infra/persistence/history_dynamo_repository.go:45.2,46.16 2 0
oficina-tech/internal/modules/service_order/infra/persistence/history_dynamo_repository.go:46.16,48.3 1 0
oficina-tech/internal/modules/service_order/infra/persistence/history_dynamo_repository.go:50.2,54.16 2 0
oficina-tech/internal/modules/service_order/infra/persistence/history_dynamo_repository.go:54.16,56.3 1 0
oficina-tech/internal/modules/service_order/infra/persistence/history_dynamo_repository.go:57.2,57.12 1 0
oficina-tech/internal/modules/service_order/infra/persistence/history_dynamo_repository.go:60.134,69.16 2 0
oficina-tech/internal/modules/service_order/infra/persistence/history_dynamo_repository.go:69.16,71.3 1 0
oficina-tech/internal/modules/service_order/infra/persistence/history_dynamo_repository.go:73.2,74.35 2 0
oficina-tech/internal/modules/service_order/infra/persistence/history_dynamo_repository.go:74.35,76.17 2 0
oficina-tech/internal/modules/service_order/infra/persistence/history_dynamo_repository.go:76.17,78.4 1 0
oficina-tech/internal/modules/service_order/infra/persistence/history_dynamo_repository.go:79.3,79.41 1 0
oficina-tech/internal/modules/service_order/infra/persistence/history_dynamo_repository.go:81.2,81.23 1 0
oficina-tech/internal/modules/service_order/infra/persistence/history_dynamo_repository.go:84.108,93.16 2 0
oficina-tech/internal/modules/service_order/infra/persistence/history_dynamo_repository.go:93.16,95.3 1 0
oficina-tech/internal/modules/service_order/infra/persistence/history_dynamo_repository.go:96.2,96.28 1 0
oficina-tech/internal/modules/service_order/infra/persistence/history_dynamo_repository.go:96.28,98.3 1 0
oficina-tech/internal/modules/service_order/infra/persistence/history_dynamo_repository.go:99.2,99.46 1 0
oficina-tech/internal/modules/service_order/infra/persistence/history_dynamo_repository.go:102.76,112.2 2 0
oficina-tech/internal/modules/service_order/infra/persistence/history_dynamo_repository.go:114.96,116.64 2 0
oficina-tech/internal/modules/service_order/infra/persistence/history_dynamo_repository.go:116.64,118.3 1 0
oficina-tech/internal/modules/service_order/infra/persistence/history_dynamo_repository.go:120.2,121.16 2 0
oficina-tech/internal/modules/service_order/infra/persistence/history_dynamo_repository.go:121.16,123.17 2 0
oficina-tech/internal/modules/service_order/infra/persistence/history_dynamo_repository.go:123.17,125.4 1 0
oficina-tech/internal/modules/service_order/infra/persistence/history_dynamo_repository.go:128.2,129.16 2 0
oficina-tech/internal/modules/service_order/infra/persistence/history_dynamo_repository.go:129.16,131.3 1 0
oficina-tech/internal/modules/service_order/infra/persistence/history_dynamo_repository.go:133.2,133.26 1 0
oficina-tech/internal/modules/service_order/infra/persistence/history_dynamo_repository.go:133.26,135.3 1 0
oficina-tech/internal/modules/service_order/infra/persistence/history_dynamo_repository.go:137.2,143.8 1 0
oficina-tech/internal/modules/service_order/infra/persistence/service_order_history_model.go:23.52,25.2 1 0
oficina-tech/internal/modules/service_order/infra/persistence/service_order_history_model.go:28.79,31.25 2 0
oficina-tech/internal/modules/service_order/infra/persistence/service_order_history_model.go:31.25,32.63 1 0
oficina-tech/internal/modules/service_order/infra/persistence/service_order_history_model.go:32.63,34.4 1 0
oficina-tech/internal/modules/service_order/infra/persistence/service_order_history_model.go:35.8,37.3 1 0
oficina-tech/internal/modules/service_order/infra/persistence/service_order_history_model.go:40.2,41.16 2 0
oficina-tech/internal/modules/service_order/infra/persistence/service_order_history_model.go:41.16,43.3 1 0
oficina-tech/internal/modules/service_order/infra/persistence/service_order_history_model.go:46.2,52.8 1 0
oficina-tech/internal/modules/service_order/infra/persistence/service_order_history_model.go:56.91,61.24 3 0
oficina-tech/internal/modules/service_order/infra/persistence/service_order_history_model.go:61.24,63.17 2 0
oficina-tech/internal/modules/service_order/infra/persistence/service_order_history_model.go:63.17,65.4 1 0
oficina-tech/internal/modules/service_order/infra/persistence/service_order_history_model.go:69.2,70.16 2 0
oficina-tech/internal/modules/service_order/infra/persistence/service_order_history_model.go:70.16,72.3 1 0
oficina-tech/internal/modules/service_order/infra/persistence/service_order_history_model.go:75.2,76.16 2 0
oficina-tech/internal/modules/service_order/infra/persistence/service_order_history_model.go:76.16,78.3 1 0
oficina-tech/internal/modules/service_order/infra/persistence/service_order_history_model.go:80.2,86.8 1 0
oficina-tech/internal/modules/service_order/infra/persistence/service_order_history_repository.go:19.72,21.2 1 0
oficina-tech/internal/modules/service_order/infra/persistence/service_order_history_repository.go:24.97,26.16 2 0
oficina-tech/internal/modules/service_order/infra/persistence/service_order_history_repository.go:26.16,28.3 1 0
oficina-tech/internal/modules/service_order/infra/persistence/service_order_history_repository.go:31.2,31.24 1 0
oficina-tech/internal/modules/service_order/infra/persistence/service_order_history_repository.go:31.24,33.67 2 0
oficina-tech/internal/modules/service_order/infra/persistence/service_order_history_repository.go:33.67,35.4 1 0
oficina-tech/internal/modules/service_order/infra/persistence/service_order_history_repository.go:37.3,37.58 1 0
oficina-tech/internal/modules/service_order/infra/persistence/service_order_history_repository.go:37.58,39.4 1 0
oficina-tech/internal/modules/service_order/infra/persistence/service_order_history_repository.go:40.8,42.65 1 0
oficina-tech/internal/modules/service_order/infra/persistence/service_order_history_repository.go:42.65,44.4 1 0
oficina-tech/internal/modules/service_order/infra/persistence/service_order_history_repository.go:47.2,47.12 1 0
oficina-tech/internal/modules/service_order/infra/persistence/service_order_history_repository.go:52.132,54.16 2 0
oficina-tech/internal/modules/service_order/infra/persistence/service_order_history_repository.go:54.16,56.3 1 0
oficina-tech/internal/modules/service_order/infra/persistence/service_order_history_repository.go:58.2,61.35 2 0
oficina-tech/internal/modules/service_order/infra/persistence/service_order_history_repository.go:61.35,63.3 1 0
oficina-tech/internal/modules/service_order/infra/persistence/service_order_history_repository.go:66.2,67.31 2 0
oficina-tech/internal/modules/service_order/infra/persistence/service_order_history_repository.go:67.31,69.17 2 0
oficina-tech/internal/modules/service_order/infra/persistence/service_order_history_repository.go:69.17,71.4 1 0
oficina-tech/internal/modules/service_order/infra/persistence/service_order_history_repository.go:72.3,72.41 1 0
oficina-tech/internal/modules/service_order/infra/persistence/service_order_history_repository.go:75.2,75.23 1 0
oficina-tech/internal/modules/service_order/infra/persistence/service_order_history_repository.go:79.106,81.16 2 0
oficina-tech/internal/modules/service_order/infra/persistence/service_order_history_repository.go:81.16,83.3 1 0
oficina-tech/internal/modules/service_order/infra/persistence/service_order_history_repository.go:85.2,86.81 2 0
oficina-tech/internal/modules/service_order/infra/persistence/service_order_history_repository.go:86.81,88.3 1 0
oficina-tech/internal/modules/service_order/infra/persistence/service_order_history_repository.go:90.2,90.25 1 0
oficina-tech/internal/modules/service_order/infra/persistence/service_order_history_repository.go:94.63,95.16 1 0
oficina-tech/internal/modules/service_order/infra/persistence/service_order_history_repository.go:95.16,97.3 1 0
oficina-tech/internal/modules/service_order/infra/persistence/service_order_history_repository.go:99.2,99.44 1 0
oficina-tech/internal/modules/service_order/infra/persistence/service_order_history_repository.go:99.44,101.3 1 0
oficina-tech/internal/modules/service_order/infra/persistence/service_order_history_repository.go:103.2,103.12 1 0
oficina-tech/internal/modules/service_order/infra/persistence/service_order_item_model.go:27.49,29.2 1 0
oficina-tech/internal/modules/service_order/infra/persistence/service_order_item_model.go:32.85,34.25 2 0
oficina-tech/internal/modules/service_order/infra/persistence/service_order_item_model.go:34.25,36.3 1 0
oficina-tech/internal/modules/service_order/infra/persistence/service_order_item_model.go:38.2,39.23 2 0
oficina-tech/internal/modules/service_order/infra/persistence/service_order_item_model.go:39.23,41.3 1 0
oficina-tech/internal/modules/service_order/infra/persistence/service_order_item_model.go:43.2,44.24 2 0
oficina-tech/internal/modules/service_order/infra/persistence/service_order_item_model.go:44.24,47.3 2 0
oficina-tech/internal/modules/service_order/infra/persistence/service_order_item_model.go:49.2,61.8 1 0
oficina-tech/internal/modules/service_order/infra/persistence/service_order_item_model.go:65.91,69.21 3 0
oficina-tech/internal/modules/service_order/infra/persistence/service_order_item_model.go:69.21,71.17 2 0
oficina-tech/internal/modules/service_order/infra/persistence/service_order_item_model.go:71.17,73.4 1 0
oficina-tech/internal/modules/service_order/infra/persistence/service_order_item_model.go:76.2,77.16 2 0
oficina-tech/internal/modules/service_order/infra/persistence/service_order_item_model.go:77.16,79.3 1 0
oficina-tech/internal/modules/service_order/infra/persistence/service_order_item_model.go:81.2,82.16 2 0
oficina-tech/internal/modules/service_order/infra/persistence/service_order_item_model.go:82.16,84.3 1 0
oficina-tech/internal/modules/service_order/infra/persistence/service_order_item_model.go:86.2,87.29 2 0
oficina-tech/internal/modules/service_order/infra/persistence/service_order_item_model.go:87.29,89.17 2 0
oficina-tech/internal/modules/service_order/infra/persistence/service_order_item_model.go:89.17,91.4 1 0
oficina-tech/internal/modules/service_order/infra/persistence/service_order_item_model.go:92.3,92.31 1 0
oficina-tech/internal/modules/service_order/infra/persistence/service_order_item_model.go:95.2,108.29 2 0
oficina-tech/internal/modules/service_order/infra/persistence/service_order_item_model.go:108.29,113.3 1 0
oficina-tech/internal/modules/service_order/infra/persistence/service_order_item_model.go:115.2,115.19 1 0
oficina-tech/internal/modules/service_order/infra/persistence/service_order_model.go:31.45,33.2 1 0
oficina-tech/internal/modules/service_order/infra/persistence/service_order_model.go:35.77,37.16 2 0
oficina-tech/internal/modules/service_order/infra/persistence/service_order_model.go:37.16,39.3 1 0
oficina-tech/internal/modules/service_order/infra/persistence/service_order_model.go:41.2,42.23 2 0
oficina-tech/internal/modules/service_order/infra/persistence/service_order_model.go:42.23,44.3 1 0
oficina-tech/internal/modules/service_order/infra/persistence/service_order_model.go:45.2,47.16 3 0
oficina-tech/internal/modules/service_order/infra/persistence/service_order_model.go:47.16,49.3 1 0
oficina-tech/internal/modules/service_order/infra/persistence/service_order_model.go:52.2,72.3 2 0
oficina-tech/internal/modules/service_order/infra/persistence/service_order_model.go:75.86,77.16 2 0
oficina-tech/internal/modules/service_order/infra/persistence/service_order_model.go:77.16,79.3 1 0
oficina-tech/internal/modules/service_order/infra/persistence/service_order_model.go:81.2,82.23 2 0
oficina-tech/internal/modules/service_order/infra/persistence/service_order_model.go:82.23,84.3 1 0
oficina-tech/internal/modules/service_order/infra/persistence/service_order_model.go:85.2,87.16 3 0
oficina-tech/internal/modules/service_order/infra/persistence/service_order_model.go:87.16,89.3 1 0
oficina-tech/internal/modules/service_order/infra/persistence/service_order_model.go:92.2,93.36 2 0
oficina-tech/internal/modules/service_order/infra/persistence/service_order_model.go:93.36,95.17 2 0
oficina-tech/internal/modules/service_order/infra/persistence/service_order_model.go:95.17,97.4 1 0
oficina-tech/internal/modules/service_order/infra/persistence/service_order_model.go:98.3,98.30 1 0
oficina-tech/internal/modules/service_order/infra/persistence/service_order_model.go:101.2,119.3 1 0
oficina-tech/internal/modules/service_order/infra/persistence/service_order_model.go:122.80,126.22 3 0
oficina-tech/internal/modules/service_order/infra/persistence/service_order_model.go:126.22,128.17 2 0
oficina-tech/internal/modules/service_order/infra/persistence/service_order_model.go:128.17,130.4 1 0
oficina-tech/internal/modules/service_order/infra/persistence/service_order_model.go:133.2,134.16 2 0
oficina-tech/internal/modules/service_order/infra/persistence/service_order_model.go:134.16,136.3 1 0
oficina-tech/internal/modules/service_order/infra/persistence/service_order_model.go:138.2,139.16 2 0
oficina-tech/internal/modules/service_order/infra/persistence/service_order_model.go:139.16,141.3 1 0
oficina-tech/internal/modules/service_order/infra/persistence/service_order_model.go:143.2,161.30 2 0
oficina-tech/internal/modules/service_order/infra/persistence/service_order_model.go:161.30,166.3 1 0
oficina-tech/internal/modules/service_order/infra/persistence/service_order_model.go:168.2,168.19 1 0
oficina-tech/internal/modules/service_order/infra/persistence/service_order_model.go:171.46,172.18 1 0
oficina-tech/internal/modules/service_order/infra/persistence/service_order_model.go:172.18,174.3 1 0
oficina-tech/internal/modules/service_order/infra/persistence/service_order_model.go:175.2,176.11 2 0
oficina-tech/internal/modules/service_order/infra/persistence/service_order_model.go:179.45,180.34 1 0
oficina-tech/internal/modules/service_order/infra/persistence/service_order_model.go:180.34,182.3 1 0
oficina-tech/internal/modules/service_order/infra/persistence/service_order_model.go:183.2,184.16 2 0
oficina-tech/internal/modules/service_order/infra/persistence/service_order_model.go:184.16,186.3 1 0
oficina-tech/internal/modules/service_order/infra/persistence/service_order_model.go:187.2,187.16 1 0
oficina-tech/internal/modules/service_order/infra/persistence/service_order_model.go:190.72,191.34 1 0
oficina-tech/internal/modules/service_order/infra/persistence/service_order_model.go:191.34,193.3 1 0
oficina-tech/internal/modules/service_order/infra/persistence/service_order_model.go:194.2,195.16 2 0
oficina-tech/internal/modules/service_order/infra/persistence/service_order_model.go:195.16,197.3 1 0
oficina-tech/internal/modules/service_order/infra/persistence/service_order_model.go:198.2,198.21 1 0
oficina-tech/internal/modules/service_order/infra/persistence/service_order_model.go:201.69,202.18 1 0
oficina-tech/internal/modules/service_order/infra/persistence/service_order_model.go:202.18,204.3 1 0
oficina-tech/internal/modules/service_order/infra/persistence/service_order_model.go:205.2,206.11 2 0
oficina-tech/internal/modules/service_order/infra/persistence/service_order_repository.go:17.70,19.2 1 0
oficina-tech/internal/modules/service_order/infra/persistence/service_order_repository.go:21.105,23.2 1 0
oficina-tech/internal/modules/service_order/infra/persistence/service_order_repository.go:25.114,26.67 1 0
oficina-tech/internal/modules/service_order/infra/persistence/service_order_repository.go:26.67,28.17 2 0
oficina-tech/internal/modules/service_order/infra/persistence/service_order_repository.go:28.17,30.4 1 0
oficina-tech/internal/modules/service_order/infra/persistence/service_order_repository.go:33.3,33.23 1 0
oficina-tech/internal/modules/service_order/infra/persistence/service_order_repository.go:33.23,36.49 2 0
oficina-tech/internal/modules/service_order/infra/persistence/service_order_repository.go:36.49,38.5 1 0
oficina-tech/internal/modules/service_order/infra/persistence/service_order_repository.go:39.4,39.57 1 0
oficina-tech/internal/modules/service_order/infra/persistence/service_order_repository.go:39.57,41.5 1 0
oficina-tech/internal/modules/service_order/infra/persistence/service_order_repository.go:44.4,44.39 1 0
oficina-tech/internal/modules/service_order/infra/persistence/service_order_repository.go:44.39,46.5 1 0
oficina-tech/internal/modules/service_order/infra/persistence/service_order_repository.go:47.9,48.47 1 0
oficina-tech/internal/modules/service_order/infra/persistence/service_order_repository.go:48.47,50.5 1 0
oficina-tech/internal/modules/service_order/infra/persistence/service_order_repository.go:55.3,56.106 2 0
oficina-tech/internal/modules/service_order/infra/persistence/service_order_repository.go:56.106,58.4 1 0
oficina-tech/internal/modules/service_order/infra/persistence/service_order_repository.go:61.3,62.38 2 0
oficina-tech/internal/modules/service_order/infra/persistence/service_order_repository.go:62.38,63.23 1 0
oficina-tech/internal/modules/service_order/infra/persistence/service_order_repository.go:63.23,65.5 1 0
oficina-tech/internal/modules/service_order/infra/persistence/service_order_repository.go:70.3,70.46 1 0
oficina-tech/internal/modules/service_order/infra/persistence/service_order_repository.go:70.46,72.64 2 0
oficina-tech/internal/modules/service_order/infra/persistence/service_order_repository.go:72.64,75.58 1 0
oficina-tech/internal/modules/service_order/infra/persistence/service_order_repository.go:75.58,77.6 1 0
oficina-tech/internal/modules/service_order/infra/persistence/service_order_repository.go:82.3,82.38 1 0
oficina-tech/internal/modules/service_order/infra/persistence/service_order_repository.go:82.38,84.18 2 0
oficina-tech/internal/modules/service_order/infra/persistence/service_order_repository.go:84.18,86.5 1 0
oficina-tech/internal/modules/service_order/infra/persistence/service_order_repository.go:89.4,89.23 1 0
oficina-tech/internal/modules/service_order/infra/persistence/service_order_repository.go:89.23,91.61 2 0
oficina-tech/internal/modules/service_order/infra/persistence/service_order_repository.go:91.61,93.6 1 0
oficina-tech/internal/modules/service_order/infra/persistence/service_order_repository.go:97.4,100.51 2 0
oficina-tech/internal/modules/service_order/infra/persistence/service_order_repository.go:100.51,102.5 1 0
oficina-tech/internal/modules/service_order/infra/persistence/service_order_repository.go:105.3,105.13 1 0
oficina-tech/internal/modules/service_order/infra/persistence/service_order_repository.go:109.116,111.2 1 0
oficina-tech/internal/modules/service_order/infra/persistence/service_order_repository.go:113.125,115.16 2 0
oficina-tech/internal/modules/service_order/infra/persistence/service_order_repository.go:115.16,117.3 1 0
oficina-tech/internal/modules/service_order/infra/persistence/service_order_repository.go:119.2,120.98 2 0
oficina-tech/internal/modules/service_order/infra/persistence/service_order_repository.go:120.98,121.45 1 0
oficina-tech/internal/modules/service_order/infra/persistence/service_order_repository.go:121.45,123.4 1 0
oficina-tech/internal/modules/service_order/infra/persistence/service_order_repository.go:124.3,124.18 1 0
oficina-tech/internal/modules/service_order/infra/persistence/service_order_repository.go:127.2,127.34 1 0
oficina-tech/internal/modules/service_order/infra/persistence/service_order_repository.go:130.106,132.108 2 0
oficina-tech/internal/modules/service_order/infra/persistence/service_order_repository.go:132.108,134.3 1 0
oficina-tech/internal/modules/service_order/infra/persistence/service_order_repository.go:136.2,137.31 2 0
oficina-tech/internal/modules/service_order/infra/persistence/service_order_repository.go:137.31,139.17 2 0
oficina-tech/internal/modules/service_order/infra/persistence/service_order_repository.go:139.17,141.4 1 0
oficina-tech/internal/modules/service_order/infra/persistence/service_order_repository.go:142.3,142.33 1 0
oficina-tech/internal/modules/service_order/infra/persistence/service_order_repository.go:145.2,145.20 1 0
oficina-tech/internal/modules/service_order/infra/persistence/service_order_repository.go:148.158,152.60 2 0
oficina-tech/internal/modules/service_order/infra/persistence/service_order_repository.go:152.60,154.17 2 0
oficina-tech/internal/modules/service_order/infra/persistence/service_order_repository.go:154.17,156.4 1 0
oficina-tech/internal/modules/service_order/infra/persistence/service_order_repository.go:157.3,157.46 1 0
oficina-tech/internal/modules/service_order/infra/persistence/service_order_repository.go:161.2,161.27 1 0
oficina-tech/internal/modules/service_order/infra/persistence/service_order_repository.go:161.27,163.3 1 0
oficina-tech/internal/modules/service_order/infra/persistence/service_order_repository.go:166.2,166.27 1 0
oficina-tech/internal/modules/service_order/infra/persistence/service_order_repository.go:166.27,168.3 1 0
oficina-tech/internal/modules/service_order/infra/persistence/service_order_repository.go:171.2,171.26 1 0
oficina-tech/internal/modules/service_order/infra/persistence/service_order_repository.go:171.26,190.3 1 0
oficina-tech/internal/modules/service_order/infra/persistence/service_order_repository.go:190.8,192.3 1 0
oficina-tech/internal/modules/service_order/infra/persistence/service_order_repository.go:194.2,195.50 2 0
oficina-tech/internal/modules/service_order/infra/persistence/service_order_repository.go:195.50,197.3 1 0
oficina-tech/internal/modules/service_order/infra/persistence/service_order_repository.go:199.2,200.31 2 0
oficina-tech/internal/modules/service_order/infra/persistence/service_order_repository.go:200.31,202.17 2 0
oficina-tech/internal/modules/service_order/infra/persistence/service_order_repository.go:202.17,204.4 1 0
oficina-tech/internal/modules/service_order/infra/persistence/service_order_repository.go:205.3,205.33 1 0
oficina-tech/internal/modules/service_order/infra/persistence/service_order_repository.go:208.2,208.20 1 0
oficina-tech/internal/modules/service_order/infra/persistence/service_order_repository.go:211.134,213.16 2 0
oficina-tech/internal/modules/service_order/infra/persistence/service_order_repository.go:213.16,215.3 1 0
oficina-tech/internal/modules/service_order/infra/persistence/service_order_repository.go:217.2,218.138 2 0
oficina-tech/internal/modules/service_order/infra/persistence/service_order_repository.go:218.138,220.3 1 0
oficina-tech/internal/modules/service_order/infra/persistence/service_order_repository.go:222.2,223.31 2 0
oficina-tech/internal/modules/service_order/infra/persistence/service_order_repository.go:223.31,225.17 2 0
oficina-tech/internal/modules/service_order/infra/persistence/service_order_repository.go:225.17,227.4 1 0
oficina-tech/internal/modules/service_order/infra/persistence/service_order_repository.go:228.3,228.33 1 0
oficina-tech/internal/modules/service_order/infra/persistence/service_order_repository.go:231.2,231.20 1 0
oficina-tech/internal/modules/service_order/infra/persistence/service_order_repository.go:234.145,236.145 2 0
oficina-tech/internal/modules/service_order/infra/persistence/service_order_repository.go:236.145,238.3 1 0
oficina-tech/internal/modules/service_order/infra/persistence/service_order_repository.go:240.2,241.31 2 0
oficina-tech/internal/modules/service_order/infra/persistence/service_order_repository.go:241.31,243.17 2 0
oficina-tech/internal/modules/service_order/infra/persistence/service_order_repository.go:243.17,245.4 1 0
oficina-tech/internal/modules/service_order/infra/persistence/service_order_repository.go:246.3,246.33 1 0
oficina-tech/internal/modules/service_order/infra/persistence/service_order_repository.go:249.2,249.20 1 0
oficina-tech/internal/modules/service_order/infra/persistence/service_order_repository.go:252.134,254.144 2 0
[...]
oficina-tech/internal/modules/service_order/domain/service_order/service_order.go:306.18,308.3 1 0
oficina-tech/internal/modules/service_order/domain/service_order/service_order.go:310.2,310.25 1 0
oficina-tech/internal/modules/service_order/domain/service_order/service_order.go:310.25,312.3 1 0
oficina-tech/internal/modules/service_order/domain/service_order/service_order.go:315.2,315.39 1 0
oficina-tech/internal/modules/service_order/domain/service_order/service_order.go:315.39,318.47 1 0
oficina-tech/internal/modules/service_order/domain/service_order/service_order.go:318.47,321.67 2 0
oficina-tech/internal/modules/service_order/domain/service_order/service_order.go:321.67,323.5 1 0
oficina-tech/internal/modules/service_order/domain/service_order/service_order.go:324.4,325.14 2 0
oficina-tech/internal/modules/service_order/domain/service_order/service_order.go:330.2,332.12 3 0
oficina-tech/internal/modules/service_order/domain/service_order/service_order.go:336.56,337.18 1 0
oficina-tech/internal/modules/service_order/domain/service_order/service_order.go:337.18,339.3 1 0
oficina-tech/internal/modules/service_order/domain/service_order/service_order.go:341.2,341.18 1 0
oficina-tech/internal/modules/service_order/domain/service_order/service_order.go:341.18,343.3 1 0
oficina-tech/internal/modules/service_order/domain/service_order/service_order.go:345.2,345.25 1 0
oficina-tech/internal/modules/service_order/domain/service_order/service_order.go:345.25,347.3 1 0
oficina-tech/internal/modules/service_order/domain/service_order/service_order.go:349.2,349.31 1 0
oficina-tech/internal/modules/service_order/domain/service_order/service_order.go:349.31,350.47 1 0
oficina-tech/internal/modules/service_order/domain/service_order/service_order.go:350.47,354.4 3 0
oficina-tech/internal/modules/service_order/domain/service_order/service_order.go:357.2,357.24 1 0
oficina-tech/internal/modules/service_order/domain/service_order/service_order.go:361.78,362.18 1 0
oficina-tech/internal/modules/service_order/domain/service_order/service_order.go:362.18,364.3 1 0
oficina-tech/internal/modules/service_order/domain/service_order/service_order.go:366.2,366.18 1 0
oficina-tech/internal/modules/service_order/domain/service_order/service_order.go:366.18,368.3 1 0
oficina-tech/internal/modules/service_order/domain/service_order/service_order.go:370.2,370.25 1 0
oficina-tech/internal/modules/service_order/domain/service_order/service_order.go:370.25,372.3 1 0
oficina-tech/internal/modules/service_order/domain/service_order/service_order.go:374.2,374.31 1 0
oficina-tech/internal/modules/service_order/domain/service_order/service_order.go:374.31,375.47 1 0
oficina-tech/internal/modules/service_order/domain/service_order/service_order.go:375.47,376.56 1 0
oficina-tech/internal/modules/service_order/domain/service_order/service_order.go:376.56,378.5 1 0
oficina-tech/internal/modules/service_order/domain/service_order/service_order.go:379.4,380.14 2 0
oficina-tech/internal/modules/service_order/domain/service_order/service_order.go:384.2,384.24 1 0
oficina-tech/internal/modules/service_order/domain/service_order/service_order.go:388.52,390.2 1 0
oficina-tech/internal/modules/service_order/domain/service_order/service_order.go:393.42,395.31 2 0
oficina-tech/internal/modules/service_order/domain/service_order/service_order.go:395.31,396.24 1 0
oficina-tech/internal/modules/service_order/domain/service_order/service_order.go:396.24,398.4 1 0
oficina-tech/internal/modules/service_order/domain/service_order/service_order.go:400.2,400.14 1 0
oficina-tech/internal/modules/service_order/domain/service_order/service_order.go:404.37,407.2 2 0
oficina-tech/internal/modules/service_order/domain/service_order/service_order.go:411.36,413.2 1 1
oficina-tech/internal/modules/service_order/domain/service_order/service_order.go:415.44,417.2 1 0
oficina-tech/internal/modules/service_order/domain/service_order/service_order.go:419.43,421.2 1 0
oficina-tech/internal/modules/service_order/domain/service_order/service_order.go:423.45,425.2 1 0
oficina-tech/internal/modules/service_order/domain/service_order/service_order.go:427.44,429.2 1 3
oficina-tech/internal/modules/service_order/domain/service_order/service_order.go:431.48,433.2 1 2
oficina-tech/internal/modules/service_order/domain/service_order/service_order.go:435.56,437.2 1 1
oficina-tech/internal/modules/service_order/domain/service_order/service_order.go:439.44,441.2 1 0
oficina-tech/internal/modules/service_order/domain/service_order/service_order.go:443.49,445.2 1 0
oficina-tech/internal/modules/service_order/domain/service_order/service_order.go:447.46,449.2 1 0
oficina-tech/internal/modules/service_order/domain/service_order/service_order.go:451.45,453.2 1 0
oficina-tech/internal/modules/service_order/domain/service_order/service_order.go:455.46,457.2 1 0
oficina-tech/internal/modules/service_order/domain/service_order/service_order.go:459.46,461.2 1 0
oficina-tech/internal/modules/service_order/domain/service_order/service_order.go:463.46,465.2 1 0
oficina-tech/internal/modules/service_order/domain/service_order/service_order.go:467.47,469.2 1 0
oficina-tech/internal/modules/service_order/domain/service_order/service_order.go:471.45,473.2 1 0
oficina-tech/internal/modules/service_order/domain/service_order/service_order_item.go:16.34,18.2 1 0
oficina-tech/internal/modules/service_order/domain/service_order/service_order_item.go:44.30,45.25 1 0
oficina-tech/internal/modules/service_order/domain/service_order/service_order_item.go:45.25,47.3 1 0
oficina-tech/internal/modules/service_order/domain/service_order/service_order_item.go:48.2,48.23 1 0
oficina-tech/internal/modules/service_order/domain/service_order/service_order_item.go:48.23,50.3 1 0
oficina-tech/internal/modules/service_order/domain/service_order/service_order_item.go:51.2,51.16 1 0
oficina-tech/internal/modules/service_order/domain/service_order/service_order_item.go:51.16,53.3 1 0
oficina-tech/internal/modules/service_order/domain/service_order/service_order_item.go:54.2,54.19 1 0
oficina-tech/internal/modules/service_order/domain/service_order/service_order_item.go:54.19,56.3 1 0
oficina-tech/internal/modules/service_order/domain/service_order/service_order_item.go:57.2,57.20 1 0
oficina-tech/internal/modules/service_order/domain/service_order/service_order_item.go:57.20,59.3 1 0
oficina-tech/internal/modules/service_order/domain/service_order/service_order_item.go:61.2,71.8 2 0
oficina-tech/internal/modules/service_order/domain/service_order/service_order_item.go:87.21,101.2 1 0
oficina-tech/internal/modules/service_order/domain/service_order/service_order_item.go:104.63,105.19 1 0
oficina-tech/internal/modules/service_order/domain/service_order/service_order_item.go:105.19,107.3 1 0
oficina-tech/internal/modules/service_order/domain/service_order/service_order_item.go:109.2,111.12 3 0
oficina-tech/internal/modules/service_order/domain/service_order/service_order_item.go:115.43,117.2 1 0
oficina-tech/internal/modules/service_order/domain/service_order/service_order_item.go:120.44,124.2 3 0
oficina-tech/internal/modules/service_order/domain/service_order/service_order_item.go:127.45,129.2 1 0
oficina-tech/internal/modules/service_order/domain/service_order/service_order_item.go:132.51,133.14 1 0
oficina-tech/internal/modules/service_order/domain/service_order/service_order_item.go:133.14,135.3 1 0
oficina-tech/internal/modules/service_order/domain/service_order/service_order_item.go:136.2,137.12 2 0
oficina-tech/internal/modules/service_order/domain/service_order/service_order_item.go:141.75,142.26 1 0
oficina-tech/internal/modules/service_order/domain/service_order/service_order_item.go:142.26,144.3 1 0
oficina-tech/internal/modules/service_order/domain/service_order/service_order_item.go:145.2,146.12 2 0
oficina-tech/internal/modules/service_order/domain/service_order/service_order_item.go:150.65,151.21 1 0
oficina-tech/internal/modules/service_order/domain/service_order/service_order_item.go:151.21,153.3 1 0
oficina-tech/internal/modules/service_order/domain/service_order/service_order_item.go:154.2,156.12 3 0
oficina-tech/internal/modules/service_order/domain/service_order/service_order_item.go:161.40,163.2 1 0
oficina-tech/internal/modules/service_order/domain/service_order/service_order_item.go:165.52,167.2 1 0
oficina-tech/internal/modules/service_order/domain/service_order/service_order_item.go:169.48,171.2 1 0
oficina-tech/internal/modules/service_order/domain/service_order/service_order_item.go:173.49,175.2 1 0
oficina-tech/internal/modules/service_order/domain/service_order/service_order_item.go:177.42,179.2 1 0
oficina-tech/internal/modules/service_order/domain/service_order/service_order_item.go:181.43,183.2 1 0
oficina-tech/internal/modules/service_order/domain/service_order/service_order_item.go:185.44,187.2 1 0
oficina-tech/internal/modules/service_order/domain/service_order/service_order_item.go:189.50,191.2 1 0
oficina-tech/internal/modules/service_order/domain/service_order/service_order_item.go:193.50,195.2 1 0
oficina-tech/internal/modules/service_order/domain/service_order/service_order_item.go:197.51,199.2 1 0
oficina-tech/internal/modules/service_order/domain/service_order/service_order_item.go:201.48,203.2 1 0
oficina-tech/internal/modules/service_order/domain/service_order/test_helpers.go:12.70,16.2 3 1
oficina-tech/internal/modules/service_order/domain/service_order/test_helpers.go:19.80,23.2 3 0
oficina-tech/internal/modules/service_order/domain/service_order/test_helpers.go:26.100,28.30 2 1
oficina-tech/internal/modules/service_order/domain/service_order/test_helpers.go:28.30,39.3 5 1
oficina-tech/internal/modules/service_order/domain/service_order/test_helpers.go:40.2,40.14 1 0
oficina-tech/internal/modules/service_order/domain/service_order/test_helpers.go:44.95,48.2 3 0
oficina-tech/internal/modules/service_order/domain/service_order/test_helpers.go:51.119,55.2 3 0
oficina-tech/internal/modules/service_order/domain/service_order/test_helpers.go:58.124,62.2 3 0
oficina-tech/internal/modules/service_order/domain/service_order/test_helpers.go:65.143,69.2 3 0
oficina-tech/internal/modules/service_order/domain/service_order/test_helpers.go:72.73,82.2 4 0
oficina-tech/internal/modules/service_order/domain/service_order/test_helpers.go:85.110,89.2 3 0
oficina-tech/internal/modules/service_order/domain/service_order/test_helpers.go:94.44,101.2 1 0
oficina-tech/internal/modules/service_order/domain/service_order/test_helpers.go:104.59,111.2 1 0
oficina-tech/internal/modules/service_order/domain/service_order/test_helpers.go:114.59,124.2 1 0
oficina-tech/internal/modules/service_order/domain/service_order/test_helpers.go:127.69,137.2 1 0
oficina-tech/internal/modules/service_order/domain/service_order/test_helpers.go:140.42,148.2 1 0
oficina-tech/internal/modules/service_order/domain/service_order/test_helpers.go:151.57,159.2 1 0
oficina-tech/internal/modules/service_order/domain/service_order/test_helpers.go:162.71,170.2 1 0
oficina-tech/internal/modules/service_order/domain/service_order/test_helpers.go:173.42,180.2 1 0
oficina-tech/internal/modules/service_order/domain/service_order/test_helpers.go:183.57,190.2 1 0
oficina-tech/internal/modules/service_order/domain/service_order/test_helpers.go:193.71,200.2 1 0
oficina-tech/internal/modules/service_order/domain/service_order/test_helpers.go:205.28,207.2 1 0
oficina-tech/internal/modules/service_order/domain/service_order/test_helpers.go:210.32,213.2 2 0
oficina-tech/internal/modules/service_order/domain/service_order/test_helpers.go:216.43,218.2 1 0
oficina-tech/internal/modules/service_order/domain/service_order/test_helpers.go:221.47,224.2 2 0
oficina-tech/internal/modules/service_order/domain/service_order/test_helpers.go:229.67,230.34 1 0
oficina-tech/internal/modules/service_order/domain/service_order/test_helpers.go:230.34,232.3 1 0
oficina-tech/internal/modules/service_order/domain/service_order/test_helpers.go:233.2,233.50 1 0
oficina-tech/internal/modules/service_order/domain/service_order/test_helpers.go:233.50,235.3 1 0
oficina-tech/internal/modules/service_order/domain/service_order/test_helpers.go:236.2,236.48 1 0
oficina-tech/internal/modules/service_order/domain/service_order/test_helpers.go:236.48,238.3 1 0
oficina-tech/internal/modules/service_order/domain/service_order/test_helpers.go:239.2,239.42 1 0
oficina-tech/internal/modules/service_order/domain/service_order/test_helpers.go:239.42,241.3 1 0
oficina-tech/internal/modules/service_order/domain/service_order/test_helpers.go:242.2,242.13 1 0
oficina-tech/internal/modules/service_order/domain/service_order/test_helpers.go:246.75,247.46 1 0
oficina-tech/internal/modules/service_order/domain/service_order/test_helpers.go:247.46,249.3 1 0
oficina-tech/internal/modules/service_order/domain/service_order/test_helpers.go:250.2,250.52 1 0
oficina-tech/internal/modules/service_order/domain/service_order/test_helpers.go:250.52,252.3 1 0
oficina-tech/internal/modules/service_order/domain/service_order/test_helpers.go:253.2,253.38 1 0
oficina-tech/internal/modules/service_order/domain/service_order/test_helpers.go:253.38,255.3 1 0
oficina-tech/internal/modules/service_order/domain/service_order/test_helpers.go:256.2,256.46 1 0
oficina-tech/internal/modules/service_order/domain/service_order/test_helpers.go:256.46,258.3 1 0
oficina-tech/internal/modules/service_order/domain/service_order/test_helpers.go:259.2,259.48 1 0
oficina-tech/internal/modules/service_order/domain/service_order/test_helpers.go:259.48,261.3 1 0
oficina-tech/internal/modules/service_order/domain/service_order/test_helpers.go:262.2,262.13 1 0
oficina-tech/internal/modules/service_order/domain/service_order/test_helpers.go:266.57,267.58 1 0
oficina-tech/internal/modules/service_order/domain/service_order/test_helpers.go:267.58,269.3 1 0
oficina-tech/internal/modules/service_order/domain/service_order/test_helpers.go:270.2,270.42 1 0
oficina-tech/internal/modules/service_order/domain/service_order/test_helpers.go:270.42,272.3 1 0
oficina-tech/internal/modules/service_order/domain/service_order/test_helpers.go:273.2,273.13 1 0
oficina-tech/internal/modules/service_order/domain/service_order/test_helpers.go:284.52,287.2 2 0
oficina-tech/internal/modules/service_order/domain/service_order/test_helpers.go:290.70,293.2 2 0
oficina-tech/internal/modules/service_order/domain/service_order/test_helpers.go:296.86,299.2 2 0
oficina-tech/internal/modules/service_order/domain/service_order/test_helpers.go:302.84,305.2 2 0
oficina-tech/internal/modules/service_order/domain/service_order/test_helpers.go:308.83,311.2 2 0
oficina-tech/internal/modules/service_order/domain/service_order/test_helpers.go:314.85,317.2 2 0
oficina-tech/internal/modules/service_order/domain/service_order/test_helpers.go:320.111,324.2 3 0
oficina-tech/internal/modules/service_order/domain/service_order/test_helpers.go:327.111,331.2 3 0
oficina-tech/internal/modules/service_order/domain/service_order/test_helpers.go:334.53,336.2 1 0
oficina-tech/internal/modules/service_order/domain/service_order/test_helpers.go:344.60,347.2 2 0
oficina-tech/internal/modules/service_order/domain/service_order/test_helpers.go:350.78,353.2 2 0
oficina-tech/internal/modules/service_order/domain/service_order/test_helpers.go:356.102,359.2 2 0
oficina-tech/internal/modules/service_order/domain/service_order/test_helpers.go:362.92,375.2 4 0
oficina-tech/internal/modules/service_order/domain/service_order/test_helpers.go:378.90,391.2 4 0
oficina-tech/internal/modules/service_order/domain/service_order/test_helpers.go:394.82,407.2 4 0
oficina-tech/internal/modules/service_order/domain/service_order/test_helpers.go:410.87,413.2 2 0
oficina-tech/internal/modules/service_order/domain/service_order/test_helpers.go:416.89,429.2 4 0
oficina-tech/internal/modules/service_order/domain/service_order/test_helpers.go:432.61,434.2 1 0
oficina-tech/internal/modules/service_order/domain/service_order/test_helpers.go:437.126,439.29 2 0
oficina-tech/internal/modules/service_order/domain/service_order/test_helpers.go:439.29,441.3 1 0
oficina-tech/internal/modules/service_order/domain/service_order/test_helpers.go:442.2,442.14 1 0
oficina-tech/internal/modules/service_order/domain/service_order/test_helpers.go:446.144,450.2 3 0
oficina-tech/internal/modules/service_order/domain/service_order/test_helpers.go:453.146,471.2 5 0
oficina-tech/internal/shared/http_clients/client.go:35.47,40.2 1 3
oficina-tech/internal/shared/http_clients/client.go:42.77,46.53 3 3
oficina-tech/internal/shared/http_clients/client.go:46.53,48.17 2 5
oficina-tech/internal/shared/http_clients/client.go:48.17,50.4 1 2
oficina-tech/internal/shared/http_clients/client.go:51.3,52.52 2 3
oficina-tech/internal/shared/http_clients/client.go:52.52,54.4 1 1
oficina-tech/internal/shared/http_clients/client.go:55.3,56.10 2 2
oficina-tech/internal/shared/http_clients/client.go:57.21,59.20 2 0
oficina-tech/internal/shared/http_clients/client.go:60.18,60.18 0 2
oficina-tech/internal/shared/http_clients/client.go:64.2,64.16 1 0
oficina-tech/internal/shared/http_clients/client.go:71.46,73.2 1 0
oficina-tech/internal/shared/http_clients/client.go:75.34,78.2 2 3
oficina-tech/internal/shared/http_clients/client.go:80.79,82.16 2 5
oficina-tech/internal/shared/http_clients/client.go:82.16,84.3 1 0
oficina-tech/internal/shared/http_clients/client.go:85.2,85.101 1 5
oficina-tech/internal/shared/http_clients/client.go:85.101,87.3 1 1
oficina-tech/internal/shared/http_clients/client.go:89.2,90.16 2 5
oficina-tech/internal/shared/http_clients/client.go:90.16,92.3 1 0
oficina-tech/internal/shared/http_clients/client.go:93.2,95.25 2 5
oficina-tech/internal/shared/http_clients/client.go:96.21,96.21 0 2
oficina-tech/internal/shared/http_clients/client.go:97.27,99.21 2 1
oficina-tech/internal/shared/http_clients/client.go:100.31,102.25 2 0
oficina-tech/internal/shared/http_clients/client.go:103.10,105.29 2 2
oficina-tech/internal/shared/http_clients/client.go:105.29,107.4 1 2
oficina-tech/internal/shared/http_clients/client.go:108.3,108.68 1 0
oficina-tech/internal/shared/http_clients/client.go:111.2,112.16 2 2
oficina-tech/internal/shared/http_clients/client.go:112.16,114.3 1 0
oficina-tech/internal/shared/http_clients/client.go:116.2,120.77 2 2
oficina-tech/internal/shared/http_clients/client.go:120.77,122.3 1 2
oficina-tech/internal/shared/http_clients/client.go:124.2,124.36 1 0
oficina-tech/internal/shared/http_clients/ms1_client.go:14.32,16.19 2 0
oficina-tech/internal/shared/http_clients/ms1_client.go:16.19,18.3 1 0
oficina-tech/internal/shared/http_clients/ms1_client.go:19.2,19.49 1 0
oficina-tech/internal/shared/http_clients/ms1_client.go:22.57,24.2 1 2
oficina-tech/internal/shared/http_clients/ms1_client.go:26.95,28.69 2 1
oficina-tech/internal/shared/http_clients/ms1_client.go:28.69,30.3 1 0
oficina-tech/internal/shared/http_clients/ms1_client.go:31.2,31.23 1 1
oficina-tech/internal/shared/http_clients/ms1_client.go:34.93,36.67 2 1
oficina-tech/internal/shared/http_clients/ms1_client.go:36.67,38.3 1 1
oficina-tech/internal/shared/http_clients/ms1_client.go:39.2,39.22 1 0
oficina-tech/internal/shared/http_clients/ms3_client.go:14.32,16.19 2 0
oficina-tech/internal/shared/http_clients/ms3_client.go:16.19,18.3 1 0
oficina-tech/internal/shared/http_clients/ms3_client.go:19.2,19.49 1 0
oficina-tech/internal/shared/http_clients/ms3_client.go:22.57,24.2 1 1
oficina-tech/internal/shared/http_clients/ms3_client.go:26.93,28.67 2 1
oficina-tech/internal/shared/http_clients/ms3_client.go:28.67,30.3 1 0
oficina-tech/internal/shared/http_clients/ms3_client.go:31.2,31.22 1 1
oficina-tech/internal/shared/http_clients/ms3_client.go:34.93,36.67 2 0
oficina-tech/internal/shared/http_clients/ms3_client.go:36.67,38.3 1 0
oficina-tech/internal/shared/http_clients/ms3_client.go:39.2,39.22 1 0
